[2020-02-27T14:06:15.778] [INFO] response - 
*************** response log start ***************
request method: GET
request originalUrl:  /users/getUser
request client ip:  ::ffff:127.0.0.1
request query:  {}
response time: 3
response status: 200
response body: 
{"respHead":{"code":"0000","message":"success"},"respBody":{"aa":"111"}}
*************** response log end ***************

[2020-02-27T14:08:26.418] [INFO] response - 
*************** response log start ***************
request method: GET
request originalUrl:  /getUser
request client ip:  ::ffff:127.0.0.1
request query:  {}
response time: 1
response status: 404
response body: 
undefined
*************** response log end ***************

[2020-02-27T14:08:26.575] [INFO] response - 
*************** response log start ***************
request method: GET
request originalUrl:  /getUser
request client ip:  ::ffff:127.0.0.1
request query:  {}
response time: 0
response status: 404
response body: 
undefined
*************** response log end ***************

[2020-02-27T14:08:38.160] [INFO] response - 
*************** response log start ***************
request method: GET
request originalUrl:  /getUser
request client ip:  ::ffff:127.0.0.1
request query:  {}
response time: 2
response status: 404
response body: 
undefined
*************** response log end ***************

[2020-02-27T14:08:38.270] [INFO] response - 
*************** response log start ***************
request method: GET
request originalUrl:  /getUser
request client ip:  ::ffff:127.0.0.1
request query:  {}
response time: 0
response status: 404
response body: 
undefined
*************** response log end ***************

[2020-02-27T14:08:44.487] [INFO] response - 
*************** response log start ***************
request method: GET
request originalUrl:  /home/getUser
request client ip:  ::ffff:127.0.0.1
request query:  {}
response time: 0
response status: 404
response body: 
undefined
*************** response log end ***************

[2020-02-27T14:08:44.631] [INFO] response - 
*************** response log start ***************
request method: GET
request originalUrl:  /home/getUser
request client ip:  ::ffff:127.0.0.1
request query:  {}
response time: 0
response status: 404
response body: 
undefined
*************** response log end ***************

[2020-02-27T14:09:13.576] [INFO] response - 
*************** response log start ***************
request method: GET
request originalUrl:  /home/getUser
request client ip:  ::ffff:127.0.0.1
request query:  {}
response time: 3
response status: 404
response body: 
undefined
*************** response log end ***************

[2020-02-27T14:09:13.693] [INFO] response - 
*************** response log start ***************
request method: GET
request originalUrl:  /home/getUser
request client ip:  ::ffff:127.0.0.1
request query:  {}
response time: 0
response status: 404
response body: 
undefined
*************** response log end ***************

[2020-02-27T14:09:16.712] [INFO] response - 
*************** response log start ***************
request method: GET
request originalUrl:  /getUser
request client ip:  ::ffff:127.0.0.1
request query:  {}
response time: 1
response status: 404
response body: 
undefined
*************** response log end ***************

[2020-02-27T14:09:16.860] [INFO] response - 
*************** response log start ***************
request method: GET
request originalUrl:  /getUser
request client ip:  ::ffff:127.0.0.1
request query:  {}
response time: 0
response status: 404
response body: 
undefined
*************** response log end ***************

[2020-02-27T14:09:34.166] [INFO] response - 
*************** response log start ***************
request method: GET
request originalUrl:  /getUser
request client ip:  ::ffff:127.0.0.1
request query:  {}
response time: 1
response status: 404
response body: 
undefined
*************** response log end ***************

[2020-02-27T14:09:34.311] [INFO] response - 
*************** response log start ***************
request method: GET
request originalUrl:  /getUser
request client ip:  ::ffff:127.0.0.1
request query:  {}
response time: 1
response status: 404
response body: 
undefined
*************** response log end ***************

[2020-02-27T14:09:41.451] [INFO] response - 
*************** response log start ***************
request method: GET
request originalUrl:  /bar
request client ip:  ::ffff:127.0.0.1
request query:  {}
response time: 0
response status: 404
response body: 
undefined
*************** response log end ***************

[2020-02-27T14:09:41.598] [INFO] response - 
*************** response log start ***************
request method: GET
request originalUrl:  /bar
request client ip:  ::ffff:127.0.0.1
request query:  {}
response time: 0
response status: 404
response body: 
undefined
*************** response log end ***************

[2020-02-27T14:19:26.035] [INFO] response - 
*************** response log start ***************
request method: GET
request originalUrl:  /bar
request client ip:  ::ffff:127.0.0.1
request query:  {}
response time: 2
response status: 404
response body: 
undefined
*************** response log end ***************

[2020-02-27T14:19:26.287] [INFO] response - 
*************** response log start ***************
request method: GET
request originalUrl:  /bar
request client ip:  ::ffff:127.0.0.1
request query:  {}
response time: 1
response status: 404
response body: 
undefined
*************** response log end ***************

[2020-02-27T14:19:33.042] [INFO] response - 
*************** response log start ***************
request method: GET
request originalUrl:  /api/v1/
request client ip:  ::ffff:127.0.0.1
request query:  {}
response time: 3
response status: 200
response body: 
"this is a users response!"
*************** response log end ***************

[2020-02-27T14:19:33.220] [INFO] response - 
*************** response log start ***************
request method: GET
request originalUrl:  /api/v1/
request client ip:  ::ffff:127.0.0.1
request query:  {}
response time: 1
response status: 200
response body: 
"this is a users response!"
*************** response log end ***************

[2020-02-27T14:19:43.263] [INFO] response - 
*************** response log start ***************
request method: GET
request originalUrl:  /api/v1/users/foo
request client ip:  ::ffff:127.0.0.1
request query:  {}
response time: 1
response status: 404
response body: 
undefined
*************** response log end ***************

[2020-02-27T14:19:43.442] [INFO] response - 
*************** response log start ***************
request method: GET
request originalUrl:  /api/v1/users/foo
request client ip:  ::ffff:127.0.0.1
request query:  {}
response time: 0
response status: 404
response body: 
undefined
*************** response log end ***************

[2020-02-27T14:20:01.128] [INFO] response - 
*************** response log start ***************
request method: GET
request originalUrl:  /api/v1/users/bar
request client ip:  ::ffff:127.0.0.1
request query:  {}
response time: 3
response status: 200
response body: 
"this is a users/bar response"
*************** response log end ***************

[2020-02-27T14:20:01.230] [INFO] response - 
*************** response log start ***************
request method: GET
request originalUrl:  /api/v1/users/bar
request client ip:  ::ffff:127.0.0.1
request query:  {}
response time: 0
response status: 200
response body: 
"this is a users/bar response"
*************** response log end ***************

[2020-02-27T14:20:04.726] [INFO] response - 
*************** response log start ***************
request method: GET
request originalUrl:  /api/v1/users
request client ip:  ::ffff:127.0.0.1
request query:  {}
response time: 2
response status: 200
response body: 
"this is a users response!"
*************** response log end ***************

[2020-02-27T14:20:04.879] [INFO] response - 
*************** response log start ***************
request method: GET
request originalUrl:  /api/v1/users
request client ip:  ::ffff:127.0.0.1
request query:  {}
response time: 1
response status: 200
response body: 
"this is a users response!"
*************** response log end ***************

[2020-02-27T14:20:44.795] [INFO] response - 
*************** response log start ***************
request method: GET
request originalUrl:  /api/v1/
request client ip:  ::ffff:127.0.0.1
request query:  {}
response time: 4
response status: 200
response body: 
"this is a / response!"
*************** response log end ***************

[2020-02-27T14:20:44.960] [INFO] response - 
*************** response log start ***************
request method: GET
request originalUrl:  /api/v1/
request client ip:  ::ffff:127.0.0.1
request query:  {}
response time: 1
response status: 200
response body: 
"this is a / response!"
*************** response log end ***************

[2020-02-27T14:20:50.008] [INFO] response - 
*************** response log start ***************
request method: GET
request originalUrl:  /api/v1/foo
request client ip:  ::ffff:127.0.0.1
request query:  {}
response time: 1
response status: 404
response body: 
undefined
*************** response log end ***************

[2020-02-27T14:20:50.179] [INFO] response - 
*************** response log start ***************
request method: GET
request originalUrl:  /api/v1/foo
request client ip:  ::ffff:127.0.0.1
request query:  {}
response time: 0
response status: 404
response body: 
undefined
*************** response log end ***************

[2020-02-27T14:21:16.090] [INFO] response - 
*************** response log start ***************
request method: GET
request originalUrl:  /api/v1/
request client ip:  ::ffff:127.0.0.1
request query:  {}
response time: 5
response status: 200
response body: 
"this is a / response!"
*************** response log end ***************

[2020-02-27T14:21:16.221] [INFO] response - 
*************** response log start ***************
request method: GET
request originalUrl:  /api/v1/
request client ip:  ::ffff:127.0.0.1
request query:  {}
response time: 1
response status: 200
response body: 
"this is a / response!"
*************** response log end ***************

[2020-02-27T14:22:08.371] [INFO] response - 
*************** response log start ***************
request method: GET
request originalUrl:  /api/v1/
request client ip:  ::ffff:127.0.0.1
request query:  {}
response time: 4
response status: 200
response body: 
"this is a / response!"
*************** response log end ***************

[2020-02-27T14:22:08.526] [INFO] response - 
*************** response log start ***************
request method: GET
request originalUrl:  /api/v1/
request client ip:  ::ffff:127.0.0.1
request query:  {}
response time: 1
response status: 200
response body: 
"this is a / response!"
*************** response log end ***************

[2020-02-27T14:22:10.014] [INFO] response - 
*************** response log start ***************
request method: GET
request originalUrl:  /api/v1/
request client ip:  ::ffff:127.0.0.1
request query:  {}
response time: 1
response status: 200
response body: 
"this is a / response!"
*************** response log end ***************

[2020-02-27T14:22:10.152] [INFO] response - 
*************** response log start ***************
request method: GET
request originalUrl:  /api/v1/
request client ip:  ::ffff:127.0.0.1
request query:  {}
response time: 0
response status: 200
response body: 
"this is a / response!"
*************** response log end ***************

[2020-02-27T14:22:16.969] [INFO] response - 
*************** response log start ***************
request method: GET
request originalUrl:  /api/v1/
request client ip:  ::ffff:127.0.0.1
request query:  {}
response time: 6
response status: 200
response body: 
"this is a / response!"
*************** response log end ***************

[2020-02-27T14:22:17.086] [INFO] response - 
*************** response log start ***************
request method: GET
request originalUrl:  /api/v1/
request client ip:  ::ffff:127.0.0.1
request query:  {}
response time: 0
response status: 200
response body: 
"this is a / response!"
*************** response log end ***************

[2020-02-27T14:22:21.351] [INFO] response - 
*************** response log start ***************
request method: GET
request originalUrl:  /
request client ip:  ::ffff:127.0.0.1
request query:  {}
response time: 0
response status: 404
response body: 
undefined
*************** response log end ***************

[2020-02-27T14:22:21.539] [INFO] response - 
*************** response log start ***************
request method: GET
request originalUrl:  /
request client ip:  ::ffff:127.0.0.1
request query:  {}
response time: 1
response status: 404
response body: 
undefined
*************** response log end ***************

[2020-02-27T14:22:24.408] [INFO] response - 
*************** response log start ***************
request method: GET
request originalUrl:  /
request client ip:  ::ffff:127.0.0.1
request query:  {}
response time: 1
response status: 404
response body: 
undefined
*************** response log end ***************

[2020-02-27T14:22:24.647] [INFO] response - 
*************** response log start ***************
request method: GET
request originalUrl:  /
request client ip:  ::ffff:127.0.0.1
request query:  {}
response time: 3
response status: 404
response body: 
undefined
*************** response log end ***************

[2020-02-27T14:22:59.524] [INFO] response - 
*************** response log start ***************
request method: GET
request originalUrl:  /api/v1/
request client ip:  ::ffff:127.0.0.1
request query:  {}
response time: 2
response status: 404
response body: 
undefined
*************** response log end ***************

[2020-02-27T14:23:05.338] [INFO] response - 
*************** response log start ***************
request method: GET
request originalUrl:  /api/v1/users
request client ip:  ::ffff:127.0.0.1
request query:  {}
response time: 2
response status: 200
response body: 
"this is a users response!"
*************** response log end ***************

[2020-02-27T14:23:05.484] [INFO] response - 
*************** response log start ***************
request method: GET
request originalUrl:  /api/v1/users
request client ip:  ::ffff:127.0.0.1
request query:  {}
response time: 1
response status: 200
response body: 
"this is a users response!"
*************** response log end ***************

[2020-02-27T14:23:17.739] [INFO] response - 
*************** response log start ***************
request method: GET
request originalUrl:  /api/v1/users/getUser
request client ip:  ::ffff:127.0.0.1
request query:  {}
response time: 4
response status: 200
response body: 
{"respHead":{"code":"0000","message":"success"},"respBody":{"aa":"111"}}
*************** response log end ***************

