[2020-02-28T21:05:26.329] [INFO] response - 
*************** response log start ***************
request method: POST
request originalUrl:  /login/register
request client ip:  ::ffff:127.0.0.1
request body: 
{"username":"1212121211","password":"1212121211","phone":"121212","sex":"1","imgUrl":"121212","email":"121212"}
response time: 6
response status: 200
response body: 
{"code":"9999","message":"缺少token","result":null}
*************** response log end ***************

[2020-02-28T21:05:29.783] [INFO] response - 
*************** response log start ***************
request method: GET
request originalUrl:  /users/getUser
request client ip:  ::ffff:127.0.0.1
request query:  {}
response time: 2
response status: 200
response body: 
{"code":"9999","message":"token不完整","result":null}
*************** response log end ***************

[2020-02-28T21:05:42.034] [INFO] response - 
*************** response log start ***************
request method: GET
request originalUrl:  /users/getUser
request client ip:  ::ffff:127.0.0.1
request query:  {}
response time: 3
response status: 404
response body: 
{"code":"9999","message":"找不到页面","result":null}
*************** response log end ***************

[2020-02-28T21:05:54.457] [INFO] response - 
*************** response log start ***************
request method: GET
request originalUrl:  /users/getUser
request client ip:  ::ffff:127.0.0.1
request query:  {}
response time: 1
response status: 404
response body: 
{"code":"9999","message":"找不到页面","result":null}
*************** response log end ***************

[2020-02-28T21:06:04.099] [INFO] response - 
*************** response log start ***************
request method: POST
request originalUrl:  /login/signIn
request client ip:  ::ffff:127.0.0.1
request body: 
{"username":"1212121211","password":"1212121211"}
response time: 86
response status: 200
response body: 
{"code":"0000","message":"登录成功","result":{"token":"eyJhbGciOiJIUzI1NiIsInR5cCI6IkpXVCJ9.eyJ1c2VybmFtZSI6IjEyMTIxMjEyMTEiLCJwaG9uZSI6IjEyMTIxMiIsInNleCI6MSwiaW1nVXJsIjoiMTIxMjEyIiwiZW1haWwiOiIxMjEyMTIiLCJ0eXBlIjoxLCJfaWQiOiI1ZTU4YjNmYmNlYmI0ZTIzMmU5YmQ2OTAiLCJpYXQiOjE1ODI4OTUxNjQsImV4cCI6MTU4Mjg5NTE3MX0.6SCBStB7nC2Jeqp52qDdJzmZ5cAMMXWteeFxTYXgaHs"}}
*************** response log end ***************

[2020-02-28T21:06:21.951] [INFO] response - 
*************** response log start ***************
request method: GET
request originalUrl:  /users/getUser
request client ip:  ::ffff:127.0.0.1
request query:  {}
response time: 0
response status: 404
response body: 
{"code":"9999","message":"找不到页面","result":null}
*************** response log end ***************

[2020-02-28T21:06:23.119] [INFO] response - 
*************** response log start ***************
request method: GET
request originalUrl:  /users/getUser
request client ip:  ::ffff:127.0.0.1
request query:  {}
response time: 1
response status: 404
response body: 
{"code":"9999","message":"找不到页面","result":null}
*************** response log end ***************

[2020-02-28T21:06:43.978] [INFO] response - 
*************** response log start ***************
request method: GET
request originalUrl:  /users/getUser
request client ip:  ::ffff:127.0.0.1
request query:  {}
response time: 48
response status: 200
response body: 
{"code":"9999","message":"缺少token","result":null}
*************** response log end ***************

[2020-02-28T21:06:56.941] [INFO] response - 
*************** response log start ***************
request method: GET
request originalUrl:  /users/getUser
request client ip:  ::ffff:127.0.0.1
request query:  {}
response time: 28
response status: 200
response body: 
{"code":"9999","message":"缺少token","result":null}
*************** response log end ***************

[2020-02-28T21:06:58.144] [INFO] response - 
*************** response log start ***************
request method: GET
request originalUrl:  /users/getUser
request client ip:  ::ffff:127.0.0.1
request query:  {}
response time: 13
response status: 200
response body: 
{"code":"9999","message":"缺少token","result":null}
*************** response log end ***************

[2020-02-28T21:07:20.115] [INFO] response - 
*************** response log start ***************
request method: GET
request originalUrl:  /users/getUser
request client ip:  ::ffff:127.0.0.1
request query:  {}
response time: 71
response status: 200
response body: 
{"code":"9999","message":"缺少token","result":null}
*************** response log end ***************

[2020-02-28T21:07:35.842] [INFO] response - 
*************** response log start ***************
request method: GET
request originalUrl:  /users/getUser
request client ip:  ::ffff:127.0.0.1
request query:  {}
response time: 32
response status: 200
response body: 
{"code":"9999","message":"缺少token","result":null}
*************** response log end ***************

[2020-02-28T21:24:13.715] [INFO] response - 
*************** response log start ***************
request method: GET
request originalUrl:  /users/getUser
request client ip:  ::ffff:127.0.0.1
request query:  {}
response time: 18
response status: 200
response body: 
{"code":"9999","message":"缺少token","result":null}
*************** response log end ***************

[2020-02-28T21:24:15.364] [INFO] response - 
*************** response log start ***************
request method: GET
request originalUrl:  /users/getUser
request client ip:  ::ffff:127.0.0.1
request query:  {}
response time: 22
response status: 200
response body: 
{"code":"9999","message":"缺少token","result":null}
*************** response log end ***************

[2020-02-28T21:24:52.836] [INFO] response - 
*************** response log start ***************
request method: GET
request originalUrl:  /users/getUser
request client ip:  ::ffff:127.0.0.1
request query:  {}
response time: 51
response status: 200
response body: 
{"code":"9999","message":"请重新登录","result":null}
*************** response log end ***************

[2020-02-28T21:26:36.701] [INFO] response - 
*************** response log start ***************
request method: GET
request originalUrl:  /users/getUser
request client ip:  ::ffff:127.0.0.1
request query:  {}
response time: 54
response status: 200
response body: 
{"code":"9999","message":"请重新登录","result":null}
*************** response log end ***************

[2020-02-28T21:26:39.400] [INFO] response - 
*************** response log start ***************
request method: POST
request originalUrl:  /login/signIn
request client ip:  ::ffff:127.0.0.1
request body: 
{"username":"1212121211","password":"1212121211"}
response time: 50
response status: 200
response body: 
{"code":"0000","message":"登录成功","result":{"token":"eyJhbGciOiJIUzI1NiIsInR5cCI6IkpXVCJ9.eyJ1c2VybmFtZSI6IjEyMTIxMjEyMTEiLCJwaG9uZSI6IjEyMTIxMiIsInNleCI6MSwiaW1nVXJsIjoiMTIxMjEyIiwiZW1haWwiOiIxMjEyMTIiLCJ0eXBlIjoxLCJfaWQiOiI1ZTU4YjNmYmNlYmI0ZTIzMmU5YmQ2OTAiLCJpYXQiOjE1ODI4OTYzOTksImV4cCI6MTU4MjkwMzU5OX0._QBHO6jjhFAVlctTAyWDlJm-Gr8YE2zaU6K2E07rVGk"}}
*************** response log end ***************

[2020-02-28T21:26:42.425] [INFO] response - 
*************** response log start ***************
request method: POST
request originalUrl:  /login/register
request client ip:  ::ffff:127.0.0.1
request body: 
{"username":"1212121211","password":"1212121211","phone":"121212","sex":"1","imgUrl":"121212","email":"121212"}
response time: 7
response status: 200
response body: 
{"code":"0000","message":"用户已存在","result":{}}
*************** response log end ***************

[2020-02-28T21:26:57.671] [INFO] response - 
*************** response log start ***************
request method: GET
request originalUrl:  /users/getUser
request client ip:  ::ffff:127.0.0.1
request query:  {}
response time: 14
response status: 200
response body: 
{"code":"0000","message":"success","result":[{"_id":"5e58b3fbcebb4e232e9bd690","username":"1212121211","phone":"121212","password":"1212121211","sex":1,"imgUrl":"121212","email":"121212","type":1,"updateTime":"2020-02-28T06:32:27.786Z","createTime":"2020-02-28T06:32:27.786Z","__v":0}]}
*************** response log end ***************

[2020-02-28T21:27:05.347] [INFO] response - 
*************** response log start ***************
request method: POST
request originalUrl:  /login/register
request client ip:  ::ffff:127.0.0.1
request body: 
{"username":"Jvan","password":"1212121211","phone":"121212","sex":"1","imgUrl":"121212","email":"121212"}
response time: 34
response status: 200
response body: 
{"code":"0000","message":"success","result":{"_id":"5e591529896e9859b92632ac","username":"Jvan","phone":"121212","password":"1212121211","sex":1,"imgUrl":"121212","email":"121212","type":1,"updateTime":"2020-02-28T13:27:05.327Z","createTime":"2020-02-28T13:27:05.327Z","__v":0}}
*************** response log end ***************

[2020-02-28T21:27:12.561] [INFO] response - 
*************** response log start ***************
request method: POST
request originalUrl:  /login/register
request client ip:  ::ffff:127.0.0.1
request body: 
{"username":"Jvan1111","password":"1212121211","phone":"121212","sex":"1","imgUrl":"121212","email":"121212"}
response time: 12
response status: 200
response body: 
{"code":"0000","message":"success","result":{"_id":"5e591530896e9859b92632ad","username":"Jvan1111","phone":"121212","password":"1212121211","sex":1,"imgUrl":"121212","email":"121212","type":1,"updateTime":"2020-02-28T13:27:12.555Z","createTime":"2020-02-28T13:27:12.555Z","__v":0}}
*************** response log end ***************

[2020-02-28T21:27:15.424] [INFO] response - 
*************** response log start ***************
request method: POST
request originalUrl:  /login/register
request client ip:  ::ffff:127.0.0.1
request body: 
{"username":"111111","password":"1212121211","phone":"121212","sex":"1","imgUrl":"121212","email":"121212"}
response time: 11
response status: 200
response body: 
{"code":"0000","message":"success","result":{"_id":"5e591533896e9859b92632ae","username":"111111","phone":"121212","password":"1212121211","sex":1,"imgUrl":"121212","email":"121212","type":1,"updateTime":"2020-02-28T13:27:15.419Z","createTime":"2020-02-28T13:27:15.419Z","__v":0}}
*************** response log end ***************

[2020-02-28T21:27:40.574] [INFO] response - 
*************** response log start ***************
request method: POST
request originalUrl:  /login/register
request client ip:  ::ffff:127.0.0.1
request body: 
{"username":"33333333","password":"1212121211","phone":"121212","sex":"1","imgUrl":"121212","email":"121212"}
response time: 6
response status: 200
response body: 
{"code":"0000","message":"success","result":{"_id":"5e59154c896e9859b92632af","username":"33333333","phone":"121212","password":"1212121211","sex":1,"imgUrl":"121212","email":"121212","type":1,"updateTime":"2020-02-28T13:27:40.571Z","createTime":"2020-02-28T13:27:40.571Z","__v":0}}
*************** response log end ***************

[2020-02-28T21:28:07.918] [INFO] response - 
*************** response log start ***************
request method: POST
request originalUrl:  /login/register
request client ip:  ::ffff:127.0.0.1
request body: 
{"username":"11111","password":"1212121211","phone":"121212","sex":"1","imgUrl":"121212","email":"121212"}
response time: 86
response status: 200
response body: 
{"code":"0000","message":"success","result":{"_id":"5e59156712de8e59ec9078f0","username":"11111","phone":"121212","password":"1212121211","sex":1,"imgUrl":"121212","email":"121212","type":1,"updateTime":"2020-02-28T13:28:07.887Z","createTime":"2020-02-28T13:28:07.887Z","__v":0}}
*************** response log end ***************

[2020-02-28T21:28:22.916] [INFO] response - 
*************** response log start ***************
request method: POST
request originalUrl:  /login/register
request client ip:  ::ffff:127.0.0.1
request body: 
{"username":"11111","password":"1212121211","phone":"121212","sex":"1","imgUrl":"121212","email":"121212"}
response time: 7
response status: 200
response body: 
{"code":"0000","message":"用户已存在","result":{}}
*************** response log end ***************

[2020-02-28T21:28:42.990] [INFO] response - 
*************** response log start ***************
request method: POST
request originalUrl:  /login/register
request client ip:  ::ffff:127.0.0.1
request body: 
{"username":"11111","password":"1212121211","phone":"121212","sex":"1","imgUrl":"121212","email":"121212"}
response time: 52
response status: 200
response body: 
{"code":"0000","message":"用户已存在","result":{}}
*************** response log end ***************

[2020-02-28T21:29:45.275] [INFO] response - 
*************** response log start ***************
request method: POST
request originalUrl:  /login/register
request client ip:  ::ffff:127.0.0.1
request body: 
{"username":"12121212","password":"1212121211","phone":"121212","sex":"1","imgUrl":"121212","email":"121212"}
response time: 103
response status: 200
response body: 
{"code":"0000","message":"success","result":{"_id":"5e5915c9451c325a5662a0f7","username":"12121212","phone":"121212","password":"1212121211","sex":1,"imgUrl":"121212","email":"121212","type":1,"updateTime":"2020-02-28T13:29:45.253Z","createTime":"2020-02-28T13:29:45.253Z","__v":0}}
*************** response log end ***************

[2020-02-28T21:29:48.740] [INFO] response - 
*************** response log start ***************
request method: POST
request originalUrl:  /login/register
request client ip:  ::ffff:127.0.0.1
request body: 
{"username":"12121212","password":"1212121211","phone":"121212","sex":"1","imgUrl":"121212","email":"121212"}
response time: 12
response status: 200
response body: 
{"code":"0000","message":"用户已存在","result":{}}
*************** response log end ***************

[2020-02-28T21:29:52.407] [INFO] response - 
*************** response log start ***************
request method: POST
request originalUrl:  /login/register
request client ip:  ::ffff:127.0.0.1
request body: 
{"username":"12122323231212","password":"1212121211","phone":"121212","sex":"1","imgUrl":"121212","email":"121212"}
response time: 8
response status: 200
response body: 
{"code":"0000","message":"success","result":{"_id":"5e5915d0451c325a5662a0f8","username":"12122323231212","phone":"121212","password":"1212121211","sex":1,"imgUrl":"121212","email":"121212","type":1,"updateTime":"2020-02-28T13:29:52.403Z","createTime":"2020-02-28T13:29:52.403Z","__v":0}}
*************** response log end ***************

[2020-02-28T21:29:55.608] [INFO] response - 
*************** response log start ***************
request method: POST
request originalUrl:  /login/register
request client ip:  ::ffff:127.0.0.1
request body: 
{"username":"2323232323","password":"1212121211","phone":"121212","sex":"1","imgUrl":"121212","email":"121212"}
response time: 15
response status: 200
response body: 
{"code":"0000","message":"success","result":{"_id":"5e5915d3451c325a5662a0f9","username":"2323232323","phone":"121212","password":"1212121211","sex":1,"imgUrl":"121212","email":"121212","type":1,"updateTime":"2020-02-28T13:29:55.597Z","createTime":"2020-02-28T13:29:55.597Z","__v":0}}
*************** response log end ***************

[2020-02-28T21:29:58.587] [INFO] response - 
*************** response log start ***************
request method: POST
request originalUrl:  /login/register
request client ip:  ::ffff:127.0.0.1
request body: 
{"username":"223232323","password":"1212121211","phone":"121212","sex":"1","imgUrl":"121212","email":"121212"}
response time: 14
response status: 200
response body: 
{"code":"0000","message":"success","result":{"_id":"5e5915d6451c325a5662a0fa","username":"223232323","phone":"121212","password":"1212121211","sex":1,"imgUrl":"121212","email":"121212","type":1,"updateTime":"2020-02-28T13:29:58.578Z","createTime":"2020-02-28T13:29:58.578Z","__v":0}}
*************** response log end ***************

[2020-02-28T21:30:03.182] [INFO] response - 
*************** response log start ***************
request method: GET
request originalUrl:  /users/getUser
request client ip:  ::ffff:127.0.0.1
request query:  {}
response time: 26
response status: 200
response body: 
{"code":"0000","message":"success","result":[{"_id":"5e58b3fbcebb4e232e9bd690","username":"1212121211","phone":"121212","password":"1212121211","sex":1,"imgUrl":"121212","email":"121212","type":1,"updateTime":"2020-02-28T06:32:27.786Z","createTime":"2020-02-28T06:32:27.786Z","__v":0},{"_id":"5e591529896e9859b92632ac","username":"Jvan","phone":"121212","password":"1212121211","sex":1,"imgUrl":"121212","email":"121212","type":1,"updateTime":"2020-02-28T13:27:05.327Z","createTime":"2020-02-28T13:27:05.327Z","__v":0},{"_id":"5e591530896e9859b92632ad","username":"Jvan1111","phone":"121212","password":"1212121211","sex":1,"imgUrl":"121212","email":"121212","type":1,"updateTime":"2020-02-28T13:27:12.555Z","createTime":"2020-02-28T13:27:12.555Z","__v":0},{"_id":"5e591533896e9859b92632ae","username":"111111","phone":"121212","password":"1212121211","sex":1,"imgUrl":"121212","email":"121212","type":1,"updateTime":"2020-02-28T13:27:15.419Z","createTime":"2020-02-28T13:27:15.419Z","__v":0},{"_id":"5e59154c896e9859b92632af","username":"33333333","phone":"121212","password":"1212121211","sex":1,"imgUrl":"121212","email":"121212","type":1,"updateTime":"2020-02-28T13:27:40.571Z","createTime":"2020-02-28T13:27:40.571Z","__v":0},{"_id":"5e59156712de8e59ec9078f0","username":"11111","phone":"121212","password":"1212121211","sex":1,"imgUrl":"121212","email":"121212","type":1,"updateTime":"2020-02-28T13:28:07.887Z","createTime":"2020-02-28T13:28:07.887Z","__v":0},{"_id":"5e5915c9451c325a5662a0f7","username":"12121212","phone":"121212","password":"1212121211","sex":1,"imgUrl":"121212","email":"121212","type":1,"updateTime":"2020-02-28T13:29:45.253Z","createTime":"2020-02-28T13:29:45.253Z","__v":0},{"_id":"5e5915d0451c325a5662a0f8","username":"12122323231212","phone":"121212","password":"1212121211","sex":1,"imgUrl":"121212","email":"121212","type":1,"updateTime":"2020-02-28T13:29:52.403Z","createTime":"2020-02-28T13:29:52.403Z","__v":0},{"_id":"5e5915d3451c325a5662a0f9","username":"2323232323","phone":"121212","password":"1212121211","sex":1,"imgUrl":"121212","email":"121212","type":1,"updateTime":"2020-02-28T13:29:55.597Z","createTime":"2020-02-28T13:29:55.597Z","__v":0},{"_id":"5e5915d6451c325a5662a0fa","username":"223232323","phone":"121212","password":"1212121211","sex":1,"imgUrl":"121212","email":"121212","type":1,"updateTime":"2020-02-28T13:29:58.578Z","createTime":"2020-02-28T13:29:58.578Z","__v":0}]}
*************** response log end ***************

