[2020-02-28T11:23:36.744] [INFO] response - 
*************** response log start ***************
request method: GET
request originalUrl:  /users/login/register
request client ip:  ::ffff:127.0.0.1
request query:  {}
response time: 9
response status: 404
response body: 
undefined
*************** response log end ***************

[2020-02-28T11:23:56.898] [INFO] response - 
*************** response log start ***************
request method: POST
request originalUrl:  /users/login/register
request client ip:  ::ffff:127.0.0.1
request body: 
{"userid":"1212121211","username":"1212121211","password":"1212121211","phone":"1212121112","emial":"1212121112","remark":"1212121112","imgUrl":"1212121112","sex":"12121111212","height":"11","weight":"11","birthday":"111"}
response time: 3
response status: 404
response body: 
undefined
*************** response log end ***************

[2020-02-28T11:24:12.359] [INFO] response - 
*************** response log start ***************
request method: POST
request originalUrl:  /users/login/register
request client ip:  ::ffff:127.0.0.1
request body: 
{"userid":"1212121211","username":"1212121211","password":"1212121211","phone":"1212121112","emial":"1212121112","remark":"1212121112","imgUrl":"1212121112","sex":"12121111212","height":"11","weight":"11","birthday":"111"}
response time: 2
response status: 404
response body: 
undefined
*************** response log end ***************

[2020-02-28T11:26:56.741] [INFO] response - 
*************** response log start ***************
request method: POST
request originalUrl:  /login/register
request client ip:  ::ffff:127.0.0.1
request body: 
{"userid":"1212121211","username":"1212121211","password":"1212121211","phone":"1212121112","emial":"1212121112","remark":"1212121112","imgUrl":"1212121112","sex":"12121111212","height":"11","weight":"11","birthday":"111"}
response time: 135
response status: 200
response body: 
{"respHead":{"code":"0000","message":"success"},"respBody":{"_id":"5e588880fd91c016d90f146b","username":"1212121211","phone":"1212121112","password":"1212121211","sex":12121111212,"imgUrl":"1212121112","type":1,"updateTime":"2020-02-28T03:26:56.663Z","createTime":"2020-02-28T03:26:56.663Z","__v":0}}
*************** response log end ***************

[2020-02-28T11:27:06.980] [INFO] response - 
*************** response log start ***************
request method: POST
request originalUrl:  /login/register
request client ip:  ::ffff:127.0.0.1
request body: 
{"userid":"1212121211","username":"1212121211","password":"1212121211","phone":"1212121112","emial":"1212121112","remark":"1212121112","imgUrl":"1212121112","sex":"12121111212","height":"11","weight":"11","birthday":"111"}
response time: 8
response status: 200
response body: 
{"respHead":{"code":"0000","message":"用户已存在"},"respBody":{}}
*************** response log end ***************

[2020-02-28T11:27:08.364] [INFO] response - 
*************** response log start ***************
request method: POST
request originalUrl:  /login/register
request client ip:  ::ffff:127.0.0.1
request body: 
{"userid":"1212121211","username":"1212121211","password":"1212121211","phone":"1212121112","emial":"1212121112","remark":"1212121112","imgUrl":"1212121112","sex":"12121111212","height":"11","weight":"11","birthday":"111"}
response time: 4
response status: 200
response body: 
{"respHead":{"code":"0000","message":"用户已存在"},"respBody":{}}
*************** response log end ***************

[2020-02-28T11:27:26.914] [INFO] response - 
*************** response log start ***************
request method: POST
request originalUrl:  /login/register
request client ip:  ::ffff:127.0.0.1
request body: 
{"userid":"1212121211","username":"1212121211","password":"1212121211","phone":"1212121112","emial":"1212121112","remark":"1212121112","imgUrl":"1212121112","sex":"12121111212","height":"11","weight":"11","birthday":"111"}
response time: 7
response status: 200
response body: 
{"respHead":{"code":"0000","message":"用户已存在"},"respBody":{}}
*************** response log end ***************

