[2020-02-28T09:36:42.279] [INFO] response - 
*************** response log start ***************
request method: POST
request originalUrl:  /api/v1/users/getUser
request client ip:  ::ffff:127.0.0.1
request body: 
{"userid":"1212121211","username":"1212121211","password":"1212121211","phone":"1212121112","emial":"1212121112","remark":"1212121112","imgUrl":"1212121112","sex":"12121111212","height":"11","weight":"11","birthday":"111"}
response time: 2
response status: 404
response body: 
undefined
*************** response log end ***************

[2020-02-28T09:37:55.795] [INFO] response - 
*************** response log start ***************
request method: POST
request originalUrl:  /api/v1/users/getUser
request client ip:  ::ffff:127.0.0.1
request body: 
{"userid":"1212121211","username":"1212121211","password":"1212121211","phone":"1212121112","emial":"1212121112","remark":"1212121112","imgUrl":"1212121112","sex":"12121111212","height":"11","weight":"11","birthday":"111"}
response time: 2
response status: 404
response body: 
undefined
*************** response log end ***************

[2020-02-28T09:38:16.719] [INFO] response - 
*************** response log start ***************
request method: POST
request originalUrl:  /api/v1/users/register
request client ip:  ::ffff:127.0.0.1
request body: 
{"userid":"1212121211","username":"1212121211","password":"1212121211","phone":"1212121112","emial":"1212121112","remark":"1212121112","imgUrl":"1212121112","sex":"12121111212","height":"11","weight":"11","birthday":"111"}
response time: 57
response status: 200
response body: 
{"respHead":{"code":"0000","message":"the user is exicet"},"respBody":[{"_id":"5e579edc7e20a72b66ef625d","userid":"1212121211","username":"1212121211","phone":"1212121112","remark":"1212121112","imgUrl":"1212121112","sex":"12121111212","height":"11","weight":"11","birthday":"111","updateTime":"2020-02-27T10:50:04.658Z","createTime":"2020-02-27T10:50:04.658Z","__v":0}]}
*************** response log end ***************

[2020-02-28T09:38:33.073] [INFO] response - 
*************** response log start ***************
request method: POST
request originalUrl:  /api/v1/users/getUser
request client ip:  ::ffff:127.0.0.1
request body: 
{"userid":"1212121211","username":"1212121211","password":"1212121211","phone":"1212121112","emial":"1212121112","remark":"1212121112","imgUrl":"1212121112","sex":"12121111212","height":"11","weight":"11","birthday":"111"}
response time: 0
response status: 404
response body: 
undefined
*************** response log end ***************

