[2020-02-27T18:28:28.491] [INFO] response - 
*************** response log start ***************
request method: GET
request originalUrl:  /api/v1/users/getUser
request client ip:  ::ffff:127.0.0.1
request query:  {}
response time: 42
response status: 200
response body: 
{"respHead":{"code":"0000","message":"success"},"respBody":[]}
*************** response log end ***************

[2020-02-27T18:28:29.172] [INFO] response - 
*************** response log start ***************
request method: GET
request originalUrl:  /favicon.ico
request client ip:  ::ffff:127.0.0.1
request query:  {}
response time: 0
response status: 404
response body: 
undefined
*************** response log end ***************

[2020-02-27T18:28:40.097] [INFO] response - 
*************** response log start ***************
request method: GET
request originalUrl:  /api/v1/users/register
request client ip:  ::ffff:127.0.0.1
request query:  {}
response time: 1
response status: 404
response body: 
undefined
*************** response log end ***************

[2020-02-27T18:28:40.288] [INFO] response - 
*************** response log start ***************
request method: GET
request originalUrl:  /api/v1/users/register
request client ip:  ::ffff:127.0.0.1
request query:  {}
response time: 0
response status: 404
response body: 
undefined
*************** response log end ***************

[2020-02-27T18:30:33.845] [INFO] response - 
*************** response log start ***************
request method: POST
request originalUrl:  /api/v1/users/register
request client ip:  ::ffff:127.0.0.1
request body: 
{}
response time: 123
response status: 200
response body: 
{"respHead":{"code":"0000","message":"success"},"respBody":{"_id":"5e579a49a5a4692a70ceef28","updateTime":"2020-02-27T10:30:33.772Z","createTime":"2020-02-27T10:30:33.772Z","__v":0}}
*************** response log end ***************

[2020-02-27T18:33:57.716] [INFO] response - 
*************** response log start ***************
request method: POST
request originalUrl:  /api/v1/users/register
request client ip:  ::ffff:127.0.0.1
request body: 
{}
response time: 43
response status: 200
response body: 
{"respHead":{"code":"0000","message":"the user is exicet"},"respBody":[{"_id":"5e579a49a5a4692a70ceef28","updateTime":"2020-02-27T10:30:33.772Z","createTime":"2020-02-27T10:30:33.772Z","__v":0}]}
*************** response log end ***************

[2020-02-27T18:36:34.367] [INFO] response - 
*************** response log start ***************
request method: POST
request originalUrl:  /api/v1/users/register
request client ip:  ::ffff:127.0.0.1
request body: 
{}
response time: 110
response status: 200
response body: 
{"respHead":{"code":"0000","message":"success"},"respBody":{"_id":"5e579bb2dcf5032ad6fddf14","updateTime":"2020-02-27T10:36:34.346Z","createTime":"2020-02-27T10:36:34.346Z","__v":0}}
*************** response log end ***************

[2020-02-27T18:37:11.088] [INFO] response - 
*************** response log start ***************
request method: POST
request originalUrl:  /api/v1/users/register
request client ip:  ::ffff:127.0.0.1
request body: 
{}
response time: 47
response status: 200
response body: 
{"respHead":{"code":"0000","message":"the user is exicet"},"respBody":[{"_id":"5e579bb2dcf5032ad6fddf14","updateTime":"2020-02-27T10:36:34.346Z","createTime":"2020-02-27T10:36:34.346Z","__v":0}]}
*************** response log end ***************

[2020-02-27T18:37:17.926] [INFO] response - 
*************** response log start ***************
request method: POST
request originalUrl:  /api/v1/users/register
request client ip:  ::ffff:127.0.0.1
request body: 
{}
response time: 12
response status: 200
response body: 
{"respHead":{"code":"0000","message":"the user is exicet"},"respBody":[{"_id":"5e579bb2dcf5032ad6fddf14","updateTime":"2020-02-27T10:36:34.346Z","createTime":"2020-02-27T10:36:34.346Z","__v":0}]}
*************** response log end ***************

[2020-02-27T18:37:32.495] [INFO] response - 
*************** response log start ***************
request method: POST
request originalUrl:  /api/v1/users/register
request client ip:  ::ffff:127.0.0.1
request body: 
{}
response time: 83
response status: 200
response body: 
{"respHead":{"code":"0000","message":"the user is exicet"},"respBody":[{"_id":"5e579bb2dcf5032ad6fddf14","updateTime":"2020-02-27T10:36:34.346Z","createTime":"2020-02-27T10:36:34.346Z","__v":0}]}
*************** response log end ***************

[2020-02-27T18:38:09.708] [INFO] response - 
*************** response log start ***************
request method: POST
request originalUrl:  /api/v1/users/register
request client ip:  ::ffff:127.0.0.1
request body: 
{}
response time: 64
response status: 200
response body: 
{"respHead":{"code":"0000","message":"the user is exicet"},"respBody":[{"_id":"5e579bb2dcf5032ad6fddf14","updateTime":"2020-02-27T10:36:34.346Z","createTime":"2020-02-27T10:36:34.346Z","__v":0}]}
*************** response log end ***************

[2020-02-27T18:38:29.028] [INFO] response - 
*************** response log start ***************
request method: POST
request originalUrl:  /api/v1/users/register
request client ip:  ::ffff:127.0.0.1
request body: 
{}
response time: 112
response status: 200
response body: 
{"respHead":{"code":"0000","message":"the user is exicet"},"respBody":[{"_id":"5e579bb2dcf5032ad6fddf14","updateTime":"2020-02-27T10:36:34.346Z","createTime":"2020-02-27T10:36:34.346Z","__v":0}]}
*************** response log end ***************

[2020-02-27T18:38:56.070] [INFO] response - 
*************** response log start ***************
request method: POST
request originalUrl:  /api/v1/users/register
request client ip:  ::ffff:127.0.0.1
request body: 
{}
response time: 58
response status: 200
response body: 
{"respHead":{"code":"0000","message":"the user is exicet"},"respBody":[{"_id":"5e579bb2dcf5032ad6fddf14","updateTime":"2020-02-27T10:36:34.346Z","createTime":"2020-02-27T10:36:34.346Z","__v":0}]}
*************** response log end ***************

[2020-02-27T18:39:30.713] [INFO] response - 
*************** response log start ***************
request method: POST
request originalUrl:  /api/v1/users/register
request client ip:  ::ffff:127.0.0.1
request body: 
{}
response time: 115
response status: 200
response body: 
{"respHead":{"code":"0000","message":"the user is exicet"},"respBody":[{"_id":"5e579bb2dcf5032ad6fddf14","updateTime":"2020-02-27T10:36:34.346Z","createTime":"2020-02-27T10:36:34.346Z","__v":0}]}
*************** response log end ***************

[2020-02-27T18:39:38.003] [INFO] response - 
*************** response log start ***************
request method: POST
request originalUrl:  /api/v1/users/register
request client ip:  ::ffff:127.0.0.1
request body: 
{}
response time: 16
response status: 200
response body: 
{"respHead":{"code":"0000","message":"the user is exicet"},"respBody":[{"_id":"5e579bb2dcf5032ad6fddf14","updateTime":"2020-02-27T10:36:34.346Z","createTime":"2020-02-27T10:36:34.346Z","__v":0}]}
*************** response log end ***************

[2020-02-27T18:44:27.310] [INFO] response - 
*************** response log start ***************
request method: POST
request originalUrl:  /api/v1/users/register
request client ip:  ::ffff:127.0.0.1
request body: 
{}
response time: 10
response status: 200
response body: 
{"respHead":{"code":"0000","message":"the user is exicet"},"respBody":[{"_id":"5e579bb2dcf5032ad6fddf14","updateTime":"2020-02-27T10:36:34.346Z","createTime":"2020-02-27T10:36:34.346Z","__v":0}]}
*************** response log end ***************

[2020-02-27T18:45:50.349] [INFO] response - 
*************** response log start ***************
request method: POST
request originalUrl:  /api/v1/users/register
request client ip:  ::ffff:127.0.0.1
request body: 
{"userid":"userid","username":"username","password":"password","phone":"phone","emial":"emial","remark":"remark","imgUrl":"imgUrl","sex":"sex","height":"height","weight":"weight","birthday":"birthday"}
response time: 105
response status: 200
response body: 
{"respHead":{"code":"0000","message":"success"},"respBody":{"_id":"5e579ddec5cd782b13619963","userid":"userid","username":"username","phone":"phone","remark":"remark","imgUrl":"imgUrl","sex":"sex","height":"height","weight":"weight","birthday":"birthday","updateTime":"2020-02-27T10:45:50.269Z","createTime":"2020-02-27T10:45:50.269Z","__v":0}}
*************** response log end ***************

[2020-02-27T18:47:38.159] [INFO] response - 
*************** response log start ***************
request method: POST
request originalUrl:  /api/v1/users/register
request client ip:  ::ffff:127.0.0.1
request body: 
{"userid":"userid","username":"username","password":"password","phone":"phone","emial":"emial","remark":"remark","imgUrl":"imgUrl","sex":"sex","height":"height","weight":"weight","birthday":"birthday"}
response time: 63
response status: 200
response body: 
{"respHead":{"code":"0000","message":"the user is exicet"},"respBody":[{"_id":"5e579ddec5cd782b13619963","userid":"userid","username":"username","phone":"phone","remark":"remark","imgUrl":"imgUrl","sex":"sex","height":"height","weight":"weight","birthday":"birthday","updateTime":"2020-02-27T10:45:50.269Z","createTime":"2020-02-27T10:45:50.269Z","__v":0}]}
*************** response log end ***************

[2020-02-27T18:47:39.245] [INFO] response - 
*************** response log start ***************
request method: POST
request originalUrl:  /api/v1/users/register
request client ip:  ::ffff:127.0.0.1
request body: 
{"userid":"userid","username":"username","password":"password","phone":"phone","emial":"emial","remark":"remark","imgUrl":"imgUrl","sex":"sex","height":"height","weight":"weight","birthday":"birthday"}
response time: 9
response status: 200
response body: 
{"respHead":{"code":"0000","message":"the user is exicet"},"respBody":[{"_id":"5e579ddec5cd782b13619963","userid":"userid","username":"username","phone":"phone","remark":"remark","imgUrl":"imgUrl","sex":"sex","height":"height","weight":"weight","birthday":"birthday","updateTime":"2020-02-27T10:45:50.269Z","createTime":"2020-02-27T10:45:50.269Z","__v":0}]}
*************** response log end ***************

[2020-02-27T18:47:40.265] [INFO] response - 
*************** response log start ***************
request method: POST
request originalUrl:  /api/v1/users/register
request client ip:  ::ffff:127.0.0.1
request body: 
{"userid":"userid","username":"username","password":"password","phone":"phone","emial":"emial","remark":"remark","imgUrl":"imgUrl","sex":"sex","height":"height","weight":"weight","birthday":"birthday"}
response time: 6
response status: 200
response body: 
{"respHead":{"code":"0000","message":"the user is exicet"},"respBody":[{"_id":"5e579ddec5cd782b13619963","userid":"userid","username":"username","phone":"phone","remark":"remark","imgUrl":"imgUrl","sex":"sex","height":"height","weight":"weight","birthday":"birthday","updateTime":"2020-02-27T10:45:50.269Z","createTime":"2020-02-27T10:45:50.269Z","__v":0}]}
*************** response log end ***************

[2020-02-27T18:47:41.051] [INFO] response - 
*************** response log start ***************
request method: POST
request originalUrl:  /api/v1/users/register
request client ip:  ::ffff:127.0.0.1
request body: 
{"userid":"userid","username":"username","password":"password","phone":"phone","emial":"emial","remark":"remark","imgUrl":"imgUrl","sex":"sex","height":"height","weight":"weight","birthday":"birthday"}
response time: 4
response status: 200
response body: 
{"respHead":{"code":"0000","message":"the user is exicet"},"respBody":[{"_id":"5e579ddec5cd782b13619963","userid":"userid","username":"username","phone":"phone","remark":"remark","imgUrl":"imgUrl","sex":"sex","height":"height","weight":"weight","birthday":"birthday","updateTime":"2020-02-27T10:45:50.269Z","createTime":"2020-02-27T10:45:50.269Z","__v":0}]}
*************** response log end ***************

[2020-02-27T18:47:41.489] [INFO] response - 
*************** response log start ***************
request method: POST
request originalUrl:  /api/v1/users/register
request client ip:  ::ffff:127.0.0.1
request body: 
{"userid":"userid","username":"username","password":"password","phone":"phone","emial":"emial","remark":"remark","imgUrl":"imgUrl","sex":"sex","height":"height","weight":"weight","birthday":"birthday"}
response time: 6
response status: 200
response body: 
{"respHead":{"code":"0000","message":"the user is exicet"},"respBody":[{"_id":"5e579ddec5cd782b13619963","userid":"userid","username":"username","phone":"phone","remark":"remark","imgUrl":"imgUrl","sex":"sex","height":"height","weight":"weight","birthday":"birthday","updateTime":"2020-02-27T10:45:50.269Z","createTime":"2020-02-27T10:45:50.269Z","__v":0}]}
*************** response log end ***************

[2020-02-27T18:47:41.784] [INFO] response - 
*************** response log start ***************
request method: POST
request originalUrl:  /api/v1/users/register
request client ip:  ::ffff:127.0.0.1
request body: 
{"userid":"userid","username":"username","password":"password","phone":"phone","emial":"emial","remark":"remark","imgUrl":"imgUrl","sex":"sex","height":"height","weight":"weight","birthday":"birthday"}
response time: 5
response status: 200
response body: 
{"respHead":{"code":"0000","message":"the user is exicet"},"respBody":[{"_id":"5e579ddec5cd782b13619963","userid":"userid","username":"username","phone":"phone","remark":"remark","imgUrl":"imgUrl","sex":"sex","height":"height","weight":"weight","birthday":"birthday","updateTime":"2020-02-27T10:45:50.269Z","createTime":"2020-02-27T10:45:50.269Z","__v":0}]}
*************** response log end ***************

[2020-02-27T18:48:51.741] [INFO] response - 
*************** response log start ***************
request method: POST
request originalUrl:  /api/v1/users/register
request client ip:  ::ffff:127.0.0.1
request body: 
{"userid":"12121212","username":"username","password":"password","phone":"phone","emial":"emial","remark":"remark","imgUrl":"imgUrl","sex":"sex","height":"height","weight":"weight","birthday":"birthday"}
response time: 3
response status: 200
response body: 
{"respHead":{"code":"0000","message":"the user is exicet"},"respBody":[{"_id":"5e579ddec5cd782b13619963","userid":"userid","username":"username","phone":"phone","remark":"remark","imgUrl":"imgUrl","sex":"sex","height":"height","weight":"weight","birthday":"birthday","updateTime":"2020-02-27T10:45:50.269Z","createTime":"2020-02-27T10:45:50.269Z","__v":0}]}
*************** response log end ***************

[2020-02-27T18:49:01.031] [INFO] response - 
*************** response log start ***************
request method: POST
request originalUrl:  /api/v1/users/register
request client ip:  ::ffff:127.0.0.1
request body: 
{"userid":"12121212","username":"username","password":"password","phone":"phone","emial":"emial","remark":"remark","imgUrl":"imgUrl","sex":"sex","height":"height","weight":"weight","birthday":"birthday"}
response time: 4
response status: 200
response body: 
{"respHead":{"code":"0000","message":"the user is exicet"},"respBody":[{"_id":"5e579ddec5cd782b13619963","userid":"userid","username":"username","phone":"phone","remark":"remark","imgUrl":"imgUrl","sex":"sex","height":"height","weight":"weight","birthday":"birthday","updateTime":"2020-02-27T10:45:50.269Z","createTime":"2020-02-27T10:45:50.269Z","__v":0}]}
*************** response log end ***************

[2020-02-27T18:49:42.898] [INFO] response - 
*************** response log start ***************
request method: POST
request originalUrl:  /api/v1/users/register
request client ip:  ::ffff:127.0.0.1
request body: 
{"userid":"12121212","username":"12121212","password":"12121212","phone":"12121212","emial":"12121212","remark":"12121212","imgUrl":"12121212","sex":"12121212","height":"12121212","weight":"12121212","birthday":"12121212"}
response time: 34
response status: 200
response body: 
{"respHead":{"code":"0000","message":"success"},"respBody":{"_id":"5e579ec67e20a72b66ef625c","userid":"12121212","username":"12121212","phone":"12121212","remark":"12121212","imgUrl":"12121212","sex":"12121212","height":"12121212","weight":"12121212","birthday":"12121212","updateTime":"2020-02-27T10:49:42.881Z","createTime":"2020-02-27T10:49:42.881Z","__v":0}}
*************** response log end ***************

[2020-02-27T18:50:04.668] [INFO] response - 
*************** response log start ***************
request method: POST
request originalUrl:  /api/v1/users/register
request client ip:  ::ffff:127.0.0.1
request body: 
{"userid":"1212121211","username":"1212121211","password":"1212121211","phone":"1212121112","emial":"1212121112","remark":"1212121112","imgUrl":"1212121112","sex":"12121111212","height":"11","weight":"11","birthday":"111"}
response time: 15
response status: 200
response body: 
{"respHead":{"code":"0000","message":"success"},"respBody":{"_id":"5e579edc7e20a72b66ef625d","userid":"1212121211","username":"1212121211","phone":"1212121112","remark":"1212121112","imgUrl":"1212121112","sex":"12121111212","height":"11","weight":"11","birthday":"111","updateTime":"2020-02-27T10:50:04.658Z","createTime":"2020-02-27T10:50:04.658Z","__v":0}}
*************** response log end ***************

