[2020-02-28T10:39:53.575] [INFO] response - 
*************** response log start ***************
request method: GET
request originalUrl:  /
request client ip:  ::ffff:127.0.0.1
request query:  {}
response time: 1
response status: 404
response body: 
undefined
*************** response log end ***************

[2020-02-28T10:39:53.579] [INFO] response - 
*************** response log start ***************
request method: GET
request originalUrl:  /robots.txt
request client ip:  ::ffff:127.0.0.1
request query:  {}
response time: 0
response status: 404
response body: 
undefined
*************** response log end ***************

[2020-02-28T10:39:54.241] [INFO] response - 
*************** response log start ***************
request method: GET
request originalUrl:  /
request client ip:  ::ffff:127.0.0.1
request query:  {}
response time: 0
response status: 404
response body: 
undefined
*************** response log end ***************

[2020-02-28T10:39:54.386] [INFO] response - 
*************** response log start ***************
request method: GET
request originalUrl:  /favicon.ico
request client ip:  ::ffff:127.0.0.1
request query:  {}
response time: 0
response status: 404
response body: 
undefined
*************** response log end ***************

[2020-02-28T10:40:57.031] [INFO] response - 
*************** response log start ***************
request method: POST
request originalUrl:  /api/v1/users/getUser
request client ip:  ::ffff:127.0.0.1
request body: 
{"userid":"1212121211","username":"1212121211","password":"1212121211","phone":"1212121112","emial":"1212121112","remark":"1212121112","imgUrl":"1212121112","sex":"12121111212","height":"11","weight":"11","birthday":"111"}
response time: 0
response status: 404
response body: 
undefined
*************** response log end ***************

[2020-02-28T10:42:39.117] [INFO] response - 
*************** response log start ***************
request method: POST
request originalUrl:  /api/v1/users/getUser
request client ip:  ::ffff:127.0.0.1
request body: 
{"userid":"1212121211","username":"1212121211","password":"1212121211","phone":"1212121112","emial":"1212121112","remark":"1212121112","imgUrl":"1212121112","sex":"12121111212","height":"11","weight":"11","birthday":"111"}
response time: 2
response status: 404
response body: 
undefined
*************** response log end ***************

[2020-02-28T10:43:01.466] [INFO] response - 
*************** response log start ***************
request method: POST
request originalUrl:  /api/v1/users/getUser
request client ip:  ::ffff:127.0.0.1
request body: 
{"userid":"1212121211","username":"1212121211","password":"1212121211","phone":"1212121112","emial":"1212121112","remark":"1212121112","imgUrl":"1212121112","sex":"12121111212","height":"11","weight":"11","birthday":"111"}
response time: 2
response status: 404
response body: 
undefined
*************** response log end ***************

[2020-02-28T10:43:34.775] [INFO] response - 
*************** response log start ***************
request method: POST
request originalUrl:  /api/v1/users/getUser
request client ip:  ::ffff:127.0.0.1
request body: 
{"userid":"1212121211","username":"1212121211","password":"1212121211","phone":"1212121112","emial":"1212121112","remark":"1212121112","imgUrl":"1212121112","sex":"12121111212","height":"11","weight":"11","birthday":"111"}
response time: 3
response status: 404
response body: 
undefined
*************** response log end ***************

[2020-02-28T10:43:47.426] [INFO] response - 
*************** response log start ***************
request method: POST
request originalUrl:  /api/v1/users/getUser
request client ip:  ::ffff:127.0.0.1
request body: 
{"userid":"1212121211","username":"1212121211","password":"1212121211","phone":"1212121112","emial":"1212121112","remark":"1212121112","imgUrl":"1212121112","sex":"12121111212","height":"11","weight":"11","birthday":"111"}
response time: 2
response status: 404
response body: 
undefined
*************** response log end ***************

[2020-02-28T10:43:47.919] [INFO] response - 
*************** response log start ***************
request method: POST
request originalUrl:  /api/v1/users/getUser
request client ip:  ::ffff:127.0.0.1
request body: 
{"userid":"1212121211","username":"1212121211","password":"1212121211","phone":"1212121112","emial":"1212121112","remark":"1212121112","imgUrl":"1212121112","sex":"12121111212","height":"11","weight":"11","birthday":"111"}
response time: 1
response status: 404
response body: 
undefined
*************** response log end ***************

[2020-02-28T10:44:01.516] [INFO] response - 
*************** response log start ***************
request method: POST
request originalUrl:  /api/v1/users/
request client ip:  ::ffff:127.0.0.1
request body: 
{"userid":"1212121211","username":"1212121211","password":"1212121211","phone":"1212121112","emial":"1212121112","remark":"1212121112","imgUrl":"1212121112","sex":"12121111212","height":"11","weight":"11","birthday":"111"}
response time: 0
response status: 404
response body: 
undefined
*************** response log end ***************

[2020-02-28T10:44:09.446] [INFO] response - 
*************** response log start ***************
request method: POST
request originalUrl:  /api/v1/
request client ip:  ::ffff:127.0.0.1
request body: 
{"userid":"1212121211","username":"1212121211","password":"1212121211","phone":"1212121112","emial":"1212121112","remark":"1212121112","imgUrl":"1212121112","sex":"12121111212","height":"11","weight":"11","birthday":"111"}
response time: 0
response status: 404
response body: 
undefined
*************** response log end ***************

[2020-02-28T10:53:38.304] [INFO] response - 
*************** response log start ***************
request method: POST
request originalUrl:  /api/v1/
request client ip:  ::ffff:127.0.0.1
request body: 
{"userid":"1212121211","username":"1212121211","password":"1212121211","phone":"1212121112","emial":"1212121112","remark":"1212121112","imgUrl":"1212121112","sex":"12121111212","height":"11","weight":"11","birthday":"111"}
response time: 0
response status: 404
response body: 
undefined
*************** response log end ***************

[2020-02-28T10:53:59.548] [INFO] response - 
*************** response log start ***************
request method: POST
request originalUrl:  /users/
request client ip:  ::ffff:127.0.0.1
request body: 
{"userid":"1212121211","username":"1212121211","password":"1212121211","phone":"1212121112","emial":"1212121112","remark":"1212121112","imgUrl":"1212121112","sex":"12121111212","height":"11","weight":"11","birthday":"111"}
response time: 2
response status: 404
response body: 
undefined
*************** response log end ***************

[2020-02-28T10:54:24.533] [INFO] response - 
*************** response log start ***************
request method: GET
request originalUrl:  /users/getUser
request client ip:  ::ffff:127.0.0.1
request query:  {}
response time: 8
response status: 200
response body: 
{"respHead":{"code":"9999","message":"error"},"respBody":{"err":{}}}
*************** response log end ***************

