[2020-02-28T20:09:10.573] [ERROR] error - 
*************** error log start ***************
request method: GET
request originalUrl:  /users/getUser
request client ip:  ::ffff:127.0.0.1
request query:  {}
response time: 76
err name: UnauthorizedError
err message: Authentication Error
err stack: UnauthorizedError: Authentication Error
    at Object.throw (/Users/jvan/Documents/Jvan/Node/Koa/adminForApi/server/node_modules/koa/lib/context.js:97:11)
    at jwt (/Users/jvan/Documents/Jvan/Node/Koa/adminForApi/server/node_modules/koa-jwt/lib/index.js:68:26)
*************** error log end ***************

[2020-02-28T20:09:19.978] [ERROR] error - 
*************** error log start ***************
request method: GET
request originalUrl:  /users/getUser
request client ip:  ::ffff:127.0.0.1
request query:  {}
response time: 9
err name: UnauthorizedError
err message: Authentication Error
err stack: UnauthorizedError: Authentication Error
    at Object.throw (/Users/jvan/Documents/Jvan/Node/Koa/adminForApi/server/node_modules/koa/lib/context.js:97:11)
    at jwt (/Users/jvan/Documents/Jvan/Node/Koa/adminForApi/server/node_modules/koa-jwt/lib/index.js:23:22)
    at /Users/jvan/Documents/Jvan/Node/Koa/adminForApi/server/node_modules/koa-unless/index.js:29:12
    at dispatch (/Users/jvan/Documents/Jvan/Node/Koa/adminForApi/server/node_modules/koa/node_modules/koa-compose/index.js:42:32)
    at /Users/jvan/Documents/Jvan/Node/Koa/adminForApi/server/app.js:48:9
    at Generator.next (<anonymous>)
    at step (/Users/jvan/Documents/Jvan/Node/Koa/adminForApi/server/app.js:3:191)
    at /Users/jvan/Documents/Jvan/Node/Koa/adminForApi/server/app.js:3:437
    at new Promise (<anonymous>)
    at /Users/jvan/Documents/Jvan/Node/Koa/adminForApi/server/app.js:3:99
    at app.use (/Users/jvan/Documents/Jvan/Node/Koa/adminForApi/server/app.js:46:1)
    at dispatch (/Users/jvan/Documents/Jvan/Node/Koa/adminForApi/server/node_modules/koa/node_modules/koa-compose/index.js:42:32)
    at views (/Users/jvan/Documents/Jvan/Node/Koa/adminForApi/server/node_modules/koa-views/src/index.js:60:12)
    at dispatch (/Users/jvan/Documents/Jvan/Node/Koa/adminForApi/server/node_modules/koa/node_modules/koa-compose/index.js:42:32)
    at serve (/Users/jvan/Documents/Jvan/Node/Koa/adminForApi/server/node_modules/koa-static/index.js:53:15)
*************** error log end ***************

[2020-02-28T20:09:20.286] [ERROR] error - 
*************** error log start ***************
request method: GET
request originalUrl:  /users/getUser
request client ip:  ::ffff:127.0.0.1
request query:  {}
response time: 2
err name: UnauthorizedError
err message: Authentication Error
err stack: UnauthorizedError: Authentication Error
    at Object.throw (/Users/jvan/Documents/Jvan/Node/Koa/adminForApi/server/node_modules/koa/lib/context.js:97:11)
    at jwt (/Users/jvan/Documents/Jvan/Node/Koa/adminForApi/server/node_modules/koa-jwt/lib/index.js:23:22)
    at /Users/jvan/Documents/Jvan/Node/Koa/adminForApi/server/node_modules/koa-unless/index.js:29:12
    at dispatch (/Users/jvan/Documents/Jvan/Node/Koa/adminForApi/server/node_modules/koa/node_modules/koa-compose/index.js:42:32)
    at /Users/jvan/Documents/Jvan/Node/Koa/adminForApi/server/app.js:48:9
    at Generator.next (<anonymous>)
    at step (/Users/jvan/Documents/Jvan/Node/Koa/adminForApi/server/app.js:3:191)
    at /Users/jvan/Documents/Jvan/Node/Koa/adminForApi/server/app.js:3:437
    at new Promise (<anonymous>)
    at /Users/jvan/Documents/Jvan/Node/Koa/adminForApi/server/app.js:3:99
    at app.use (/Users/jvan/Documents/Jvan/Node/Koa/adminForApi/server/app.js:46:1)
    at dispatch (/Users/jvan/Documents/Jvan/Node/Koa/adminForApi/server/node_modules/koa/node_modules/koa-compose/index.js:42:32)
    at views (/Users/jvan/Documents/Jvan/Node/Koa/adminForApi/server/node_modules/koa-views/src/index.js:60:12)
    at dispatch (/Users/jvan/Documents/Jvan/Node/Koa/adminForApi/server/node_modules/koa/node_modules/koa-compose/index.js:42:32)
    at serve (/Users/jvan/Documents/Jvan/Node/Koa/adminForApi/server/node_modules/koa-static/index.js:53:15)
*************** error log end ***************

[2020-02-28T20:09:20.502] [ERROR] error - 
*************** error log start ***************
request method: GET
request originalUrl:  /favicon.ico
request client ip:  ::ffff:127.0.0.1
request query:  {}
response time: 6
err name: UnauthorizedError
err message: Authentication Error
err stack: UnauthorizedError: Authentication Error
    at Object.throw (/Users/jvan/Documents/Jvan/Node/Koa/adminForApi/server/node_modules/koa/lib/context.js:97:11)
    at jwt (/Users/jvan/Documents/Jvan/Node/Koa/adminForApi/server/node_modules/koa-jwt/lib/index.js:23:22)
    at /Users/jvan/Documents/Jvan/Node/Koa/adminForApi/server/node_modules/koa-unless/index.js:29:12
    at dispatch (/Users/jvan/Documents/Jvan/Node/Koa/adminForApi/server/node_modules/koa/node_modules/koa-compose/index.js:42:32)
    at /Users/jvan/Documents/Jvan/Node/Koa/adminForApi/server/app.js:48:9
    at Generator.next (<anonymous>)
    at step (/Users/jvan/Documents/Jvan/Node/Koa/adminForApi/server/app.js:3:191)
    at /Users/jvan/Documents/Jvan/Node/Koa/adminForApi/server/app.js:3:437
    at new Promise (<anonymous>)
    at /Users/jvan/Documents/Jvan/Node/Koa/adminForApi/server/app.js:3:99
    at app.use (/Users/jvan/Documents/Jvan/Node/Koa/adminForApi/server/app.js:46:1)
    at dispatch (/Users/jvan/Documents/Jvan/Node/Koa/adminForApi/server/node_modules/koa/node_modules/koa-compose/index.js:42:32)
    at views (/Users/jvan/Documents/Jvan/Node/Koa/adminForApi/server/node_modules/koa-views/src/index.js:60:12)
    at dispatch (/Users/jvan/Documents/Jvan/Node/Koa/adminForApi/server/node_modules/koa/node_modules/koa-compose/index.js:42:32)
    at serve (/Users/jvan/Documents/Jvan/Node/Koa/adminForApi/server/node_modules/koa-static/index.js:53:15)
*************** error log end ***************

[2020-02-28T20:09:48.588] [ERROR] error - 
*************** error log start ***************
request method: GET
request originalUrl:  /users/getUser
request client ip:  ::ffff:127.0.0.1
request query:  {}
response time: 126
err name: UnauthorizedError
err message: Authentication Error
err stack: UnauthorizedError: Authentication Error
    at Object.throw (/Users/jvan/Documents/Jvan/Node/Koa/adminForApi/server/node_modules/koa/lib/context.js:97:11)
    at jwt (/Users/jvan/Documents/Jvan/Node/Koa/adminForApi/server/node_modules/koa-jwt/lib/index.js:23:22)
    at /Users/jvan/Documents/Jvan/Node/Koa/adminForApi/server/node_modules/koa-unless/index.js:29:12
    at dispatch (/Users/jvan/Documents/Jvan/Node/Koa/adminForApi/server/node_modules/koa/node_modules/koa-compose/index.js:42:32)
    at /Users/jvan/Documents/Jvan/Node/Koa/adminForApi/server/app.js:48:9
    at Generator.next (<anonymous>)
    at step (/Users/jvan/Documents/Jvan/Node/Koa/adminForApi/server/app.js:3:191)
    at /Users/jvan/Documents/Jvan/Node/Koa/adminForApi/server/app.js:3:437
    at new Promise (<anonymous>)
    at /Users/jvan/Documents/Jvan/Node/Koa/adminForApi/server/app.js:3:99
    at app.use (/Users/jvan/Documents/Jvan/Node/Koa/adminForApi/server/app.js:46:1)
    at dispatch (/Users/jvan/Documents/Jvan/Node/Koa/adminForApi/server/node_modules/koa/node_modules/koa-compose/index.js:42:32)
    at views (/Users/jvan/Documents/Jvan/Node/Koa/adminForApi/server/node_modules/koa-views/src/index.js:60:12)
    at dispatch (/Users/jvan/Documents/Jvan/Node/Koa/adminForApi/server/node_modules/koa/node_modules/koa-compose/index.js:42:32)
    at serve (/Users/jvan/Documents/Jvan/Node/Koa/adminForApi/server/node_modules/koa-static/index.js:53:15)
*************** error log end ***************

[2020-02-28T20:09:49.101] [ERROR] error - 
*************** error log start ***************
request method: GET
request originalUrl:  /users/getUser
request client ip:  ::ffff:127.0.0.1
request query:  {}
response time: 13
err name: UnauthorizedError
err message: Authentication Error
err stack: UnauthorizedError: Authentication Error
    at Object.throw (/Users/jvan/Documents/Jvan/Node/Koa/adminForApi/server/node_modules/koa/lib/context.js:97:11)
    at jwt (/Users/jvan/Documents/Jvan/Node/Koa/adminForApi/server/node_modules/koa-jwt/lib/index.js:23:22)
    at /Users/jvan/Documents/Jvan/Node/Koa/adminForApi/server/node_modules/koa-unless/index.js:29:12
    at dispatch (/Users/jvan/Documents/Jvan/Node/Koa/adminForApi/server/node_modules/koa/node_modules/koa-compose/index.js:42:32)
    at /Users/jvan/Documents/Jvan/Node/Koa/adminForApi/server/app.js:48:9
    at Generator.next (<anonymous>)
    at step (/Users/jvan/Documents/Jvan/Node/Koa/adminForApi/server/app.js:3:191)
    at /Users/jvan/Documents/Jvan/Node/Koa/adminForApi/server/app.js:3:437
    at new Promise (<anonymous>)
    at /Users/jvan/Documents/Jvan/Node/Koa/adminForApi/server/app.js:3:99
    at app.use (/Users/jvan/Documents/Jvan/Node/Koa/adminForApi/server/app.js:46:1)
    at dispatch (/Users/jvan/Documents/Jvan/Node/Koa/adminForApi/server/node_modules/koa/node_modules/koa-compose/index.js:42:32)
    at views (/Users/jvan/Documents/Jvan/Node/Koa/adminForApi/server/node_modules/koa-views/src/index.js:60:12)
    at dispatch (/Users/jvan/Documents/Jvan/Node/Koa/adminForApi/server/node_modules/koa/node_modules/koa-compose/index.js:42:32)
    at serve (/Users/jvan/Documents/Jvan/Node/Koa/adminForApi/server/node_modules/koa-static/index.js:53:15)
*************** error log end ***************

[2020-02-28T20:10:13.318] [ERROR] error - 
*************** error log start ***************
request method: GET
request originalUrl:  /users/getUser
request client ip:  ::ffff:127.0.0.1
request query:  {}
response time: 61
err name: UnauthorizedError
err message: Authentication Error
err stack: UnauthorizedError: Authentication Error
    at Object.throw (/Users/jvan/Documents/Jvan/Node/Koa/adminForApi/server/node_modules/koa/lib/context.js:97:11)
    at jwt (/Users/jvan/Documents/Jvan/Node/Koa/adminForApi/server/node_modules/koa-jwt/lib/index.js:23:22)
    at /Users/jvan/Documents/Jvan/Node/Koa/adminForApi/server/node_modules/koa-unless/index.js:29:12
    at dispatch (/Users/jvan/Documents/Jvan/Node/Koa/adminForApi/server/node_modules/koa/node_modules/koa-compose/index.js:42:32)
    at /Users/jvan/Documents/Jvan/Node/Koa/adminForApi/server/app.js:48:9
    at Generator.next (<anonymous>)
    at step (/Users/jvan/Documents/Jvan/Node/Koa/adminForApi/server/app.js:3:191)
    at /Users/jvan/Documents/Jvan/Node/Koa/adminForApi/server/app.js:3:437
    at new Promise (<anonymous>)
    at /Users/jvan/Documents/Jvan/Node/Koa/adminForApi/server/app.js:3:99
    at app.use (/Users/jvan/Documents/Jvan/Node/Koa/adminForApi/server/app.js:46:1)
    at dispatch (/Users/jvan/Documents/Jvan/Node/Koa/adminForApi/server/node_modules/koa/node_modules/koa-compose/index.js:42:32)
    at views (/Users/jvan/Documents/Jvan/Node/Koa/adminForApi/server/node_modules/koa-views/src/index.js:60:12)
    at dispatch (/Users/jvan/Documents/Jvan/Node/Koa/adminForApi/server/node_modules/koa/node_modules/koa-compose/index.js:42:32)
    at serve (/Users/jvan/Documents/Jvan/Node/Koa/adminForApi/server/node_modules/koa-static/index.js:53:15)
*************** error log end ***************

[2020-02-28T20:10:13.719] [ERROR] error - 
*************** error log start ***************
request method: GET
request originalUrl:  /users/getUser
request client ip:  ::ffff:127.0.0.1
request query:  {}
response time: 2
err name: UnauthorizedError
err message: Authentication Error
err stack: UnauthorizedError: Authentication Error
    at Object.throw (/Users/jvan/Documents/Jvan/Node/Koa/adminForApi/server/node_modules/koa/lib/context.js:97:11)
    at jwt (/Users/jvan/Documents/Jvan/Node/Koa/adminForApi/server/node_modules/koa-jwt/lib/index.js:23:22)
    at /Users/jvan/Documents/Jvan/Node/Koa/adminForApi/server/node_modules/koa-unless/index.js:29:12
    at dispatch (/Users/jvan/Documents/Jvan/Node/Koa/adminForApi/server/node_modules/koa/node_modules/koa-compose/index.js:42:32)
    at /Users/jvan/Documents/Jvan/Node/Koa/adminForApi/server/app.js:48:9
    at Generator.next (<anonymous>)
    at step (/Users/jvan/Documents/Jvan/Node/Koa/adminForApi/server/app.js:3:191)
    at /Users/jvan/Documents/Jvan/Node/Koa/adminForApi/server/app.js:3:437
    at new Promise (<anonymous>)
    at /Users/jvan/Documents/Jvan/Node/Koa/adminForApi/server/app.js:3:99
    at app.use (/Users/jvan/Documents/Jvan/Node/Koa/adminForApi/server/app.js:46:1)
    at dispatch (/Users/jvan/Documents/Jvan/Node/Koa/adminForApi/server/node_modules/koa/node_modules/koa-compose/index.js:42:32)
    at views (/Users/jvan/Documents/Jvan/Node/Koa/adminForApi/server/node_modules/koa-views/src/index.js:60:12)
    at dispatch (/Users/jvan/Documents/Jvan/Node/Koa/adminForApi/server/node_modules/koa/node_modules/koa-compose/index.js:42:32)
    at serve (/Users/jvan/Documents/Jvan/Node/Koa/adminForApi/server/node_modules/koa-static/index.js:53:15)
*************** error log end ***************

[2020-02-28T20:15:23.873] [ERROR] error - 
*************** error log start ***************
request method: GET
request originalUrl:  /users/getUser
request client ip:  ::ffff:127.0.0.1
request query:  {}
response time: 55
err name: UnauthorizedError
err message: Authentication Error
err stack: UnauthorizedError: Authentication Error
    at Object.throw (/Users/jvan/Documents/Jvan/Node/Koa/adminForApi/server/node_modules/koa/lib/context.js:97:11)
    at jwt (/Users/jvan/Documents/Jvan/Node/Koa/adminForApi/server/node_modules/koa-jwt/lib/index.js:23:22)
    at /Users/jvan/Documents/Jvan/Node/Koa/adminForApi/server/node_modules/koa-unless/index.js:29:12
    at dispatch (/Users/jvan/Documents/Jvan/Node/Koa/adminForApi/server/node_modules/koa/node_modules/koa-compose/index.js:42:32)
    at /Users/jvan/Documents/Jvan/Node/Koa/adminForApi/server/app.js:48:9
    at Generator.next (<anonymous>)
    at step (/Users/jvan/Documents/Jvan/Node/Koa/adminForApi/server/app.js:3:191)
    at /Users/jvan/Documents/Jvan/Node/Koa/adminForApi/server/app.js:3:437
    at new Promise (<anonymous>)
    at /Users/jvan/Documents/Jvan/Node/Koa/adminForApi/server/app.js:3:99
    at app.use (/Users/jvan/Documents/Jvan/Node/Koa/adminForApi/server/app.js:46:1)
    at dispatch (/Users/jvan/Documents/Jvan/Node/Koa/adminForApi/server/node_modules/koa/node_modules/koa-compose/index.js:42:32)
    at views (/Users/jvan/Documents/Jvan/Node/Koa/adminForApi/server/node_modules/koa-views/src/index.js:60:12)
    at dispatch (/Users/jvan/Documents/Jvan/Node/Koa/adminForApi/server/node_modules/koa/node_modules/koa-compose/index.js:42:32)
    at serve (/Users/jvan/Documents/Jvan/Node/Koa/adminForApi/server/node_modules/koa-static/index.js:53:15)
*************** error log end ***************

[2020-02-28T20:15:24.207] [ERROR] error - 
*************** error log start ***************
request method: GET
request originalUrl:  /users/getUser
request client ip:  ::ffff:127.0.0.1
request query:  {}
response time: 2
err name: UnauthorizedError
err message: Authentication Error
err stack: UnauthorizedError: Authentication Error
    at Object.throw (/Users/jvan/Documents/Jvan/Node/Koa/adminForApi/server/node_modules/koa/lib/context.js:97:11)
    at jwt (/Users/jvan/Documents/Jvan/Node/Koa/adminForApi/server/node_modules/koa-jwt/lib/index.js:23:22)
    at /Users/jvan/Documents/Jvan/Node/Koa/adminForApi/server/node_modules/koa-unless/index.js:29:12
    at dispatch (/Users/jvan/Documents/Jvan/Node/Koa/adminForApi/server/node_modules/koa/node_modules/koa-compose/index.js:42:32)
    at /Users/jvan/Documents/Jvan/Node/Koa/adminForApi/server/app.js:48:9
    at Generator.next (<anonymous>)
    at step (/Users/jvan/Documents/Jvan/Node/Koa/adminForApi/server/app.js:3:191)
    at /Users/jvan/Documents/Jvan/Node/Koa/adminForApi/server/app.js:3:437
    at new Promise (<anonymous>)
    at /Users/jvan/Documents/Jvan/Node/Koa/adminForApi/server/app.js:3:99
    at app.use (/Users/jvan/Documents/Jvan/Node/Koa/adminForApi/server/app.js:46:1)
    at dispatch (/Users/jvan/Documents/Jvan/Node/Koa/adminForApi/server/node_modules/koa/node_modules/koa-compose/index.js:42:32)
    at views (/Users/jvan/Documents/Jvan/Node/Koa/adminForApi/server/node_modules/koa-views/src/index.js:60:12)
    at dispatch (/Users/jvan/Documents/Jvan/Node/Koa/adminForApi/server/node_modules/koa/node_modules/koa-compose/index.js:42:32)
    at serve (/Users/jvan/Documents/Jvan/Node/Koa/adminForApi/server/node_modules/koa-static/index.js:53:15)
*************** error log end ***************

[2020-02-28T20:15:58.165] [ERROR] error - 
*************** error log start ***************
request method: GET
request originalUrl:  /users/getUser
request client ip:  ::ffff:127.0.0.1
request query:  {}
response time: 38
err name: UnauthorizedError
err message: Authentication Error
err stack: UnauthorizedError: Authentication Error
    at Object.throw (/Users/jvan/Documents/Jvan/Node/Koa/adminForApi/server/node_modules/koa/lib/context.js:97:11)
    at jwt (/Users/jvan/Documents/Jvan/Node/Koa/adminForApi/server/node_modules/koa-jwt/lib/index.js:23:22)
    at /Users/jvan/Documents/Jvan/Node/Koa/adminForApi/server/node_modules/koa-unless/index.js:29:12
    at dispatch (/Users/jvan/Documents/Jvan/Node/Koa/adminForApi/server/node_modules/koa/node_modules/koa-compose/index.js:42:32)
    at /Users/jvan/Documents/Jvan/Node/Koa/adminForApi/server/app.js:48:9
    at Generator.next (<anonymous>)
    at step (/Users/jvan/Documents/Jvan/Node/Koa/adminForApi/server/app.js:3:191)
    at /Users/jvan/Documents/Jvan/Node/Koa/adminForApi/server/app.js:3:437
    at new Promise (<anonymous>)
    at /Users/jvan/Documents/Jvan/Node/Koa/adminForApi/server/app.js:3:99
    at app.use (/Users/jvan/Documents/Jvan/Node/Koa/adminForApi/server/app.js:46:1)
    at dispatch (/Users/jvan/Documents/Jvan/Node/Koa/adminForApi/server/node_modules/koa/node_modules/koa-compose/index.js:42:32)
    at views (/Users/jvan/Documents/Jvan/Node/Koa/adminForApi/server/node_modules/koa-views/src/index.js:60:12)
    at dispatch (/Users/jvan/Documents/Jvan/Node/Koa/adminForApi/server/node_modules/koa/node_modules/koa-compose/index.js:42:32)
    at serve (/Users/jvan/Documents/Jvan/Node/Koa/adminForApi/server/node_modules/koa-static/index.js:53:15)
*************** error log end ***************

[2020-02-28T20:15:58.322] [ERROR] error - 
*************** error log start ***************
request method: GET
request originalUrl:  /users/getUser
request client ip:  ::ffff:127.0.0.1
request query:  {}
response time: 70
err name: UnauthorizedError
err message: Authentication Error
err stack: UnauthorizedError: Authentication Error
    at Object.throw (/Users/jvan/Documents/Jvan/Node/Koa/adminForApi/server/node_modules/koa/lib/context.js:97:11)
    at jwt (/Users/jvan/Documents/Jvan/Node/Koa/adminForApi/server/node_modules/koa-jwt/lib/index.js:23:22)
    at /Users/jvan/Documents/Jvan/Node/Koa/adminForApi/server/node_modules/koa-unless/index.js:29:12
    at dispatch (/Users/jvan/Documents/Jvan/Node/Koa/adminForApi/server/node_modules/koa/node_modules/koa-compose/index.js:42:32)
    at /Users/jvan/Documents/Jvan/Node/Koa/adminForApi/server/app.js:48:9
    at Generator.next (<anonymous>)
    at step (/Users/jvan/Documents/Jvan/Node/Koa/adminForApi/server/app.js:3:191)
    at /Users/jvan/Documents/Jvan/Node/Koa/adminForApi/server/app.js:3:437
    at new Promise (<anonymous>)
    at /Users/jvan/Documents/Jvan/Node/Koa/adminForApi/server/app.js:3:99
    at app.use (/Users/jvan/Documents/Jvan/Node/Koa/adminForApi/server/app.js:46:1)
    at dispatch (/Users/jvan/Documents/Jvan/Node/Koa/adminForApi/server/node_modules/koa/node_modules/koa-compose/index.js:42:32)
    at views (/Users/jvan/Documents/Jvan/Node/Koa/adminForApi/server/node_modules/koa-views/src/index.js:60:12)
    at dispatch (/Users/jvan/Documents/Jvan/Node/Koa/adminForApi/server/node_modules/koa/node_modules/koa-compose/index.js:42:32)
    at serve (/Users/jvan/Documents/Jvan/Node/Koa/adminForApi/server/node_modules/koa-static/index.js:53:15)
*************** error log end ***************

[2020-02-28T20:16:06.074] [ERROR] error - 
*************** error log start ***************
request method: GET
request originalUrl:  /users/getUser
request client ip:  ::ffff:127.0.0.1
request query:  {}
response time: 13
err name: UnauthorizedError
err message: Authentication Error
err stack: UnauthorizedError: Authentication Error
    at Object.throw (/Users/jvan/Documents/Jvan/Node/Koa/adminForApi/server/node_modules/koa/lib/context.js:97:11)
    at jwt (/Users/jvan/Documents/Jvan/Node/Koa/adminForApi/server/node_modules/koa-jwt/lib/index.js:23:22)
    at /Users/jvan/Documents/Jvan/Node/Koa/adminForApi/server/node_modules/koa-unless/index.js:29:12
    at dispatch (/Users/jvan/Documents/Jvan/Node/Koa/adminForApi/server/node_modules/koa/node_modules/koa-compose/index.js:42:32)
    at /Users/jvan/Documents/Jvan/Node/Koa/adminForApi/server/app.js:48:9
    at Generator.next (<anonymous>)
    at step (/Users/jvan/Documents/Jvan/Node/Koa/adminForApi/server/app.js:3:191)
    at /Users/jvan/Documents/Jvan/Node/Koa/adminForApi/server/app.js:3:437
    at new Promise (<anonymous>)
    at /Users/jvan/Documents/Jvan/Node/Koa/adminForApi/server/app.js:3:99
    at app.use (/Users/jvan/Documents/Jvan/Node/Koa/adminForApi/server/app.js:46:1)
    at dispatch (/Users/jvan/Documents/Jvan/Node/Koa/adminForApi/server/node_modules/koa/node_modules/koa-compose/index.js:42:32)
    at views (/Users/jvan/Documents/Jvan/Node/Koa/adminForApi/server/node_modules/koa-views/src/index.js:60:12)
    at dispatch (/Users/jvan/Documents/Jvan/Node/Koa/adminForApi/server/node_modules/koa/node_modules/koa-compose/index.js:42:32)
    at serve (/Users/jvan/Documents/Jvan/Node/Koa/adminForApi/server/node_modules/koa-static/index.js:53:15)
*************** error log end ***************

[2020-02-28T20:16:06.290] [ERROR] error - 
*************** error log start ***************
request method: GET
request originalUrl:  /users/getUser
request client ip:  ::ffff:127.0.0.1
request query:  {}
response time: 45
err name: UnauthorizedError
err message: Authentication Error
err stack: UnauthorizedError: Authentication Error
    at Object.throw (/Users/jvan/Documents/Jvan/Node/Koa/adminForApi/server/node_modules/koa/lib/context.js:97:11)
    at jwt (/Users/jvan/Documents/Jvan/Node/Koa/adminForApi/server/node_modules/koa-jwt/lib/index.js:23:22)
    at /Users/jvan/Documents/Jvan/Node/Koa/adminForApi/server/node_modules/koa-unless/index.js:29:12
    at dispatch (/Users/jvan/Documents/Jvan/Node/Koa/adminForApi/server/node_modules/koa/node_modules/koa-compose/index.js:42:32)
    at /Users/jvan/Documents/Jvan/Node/Koa/adminForApi/server/app.js:48:9
    at Generator.next (<anonymous>)
    at step (/Users/jvan/Documents/Jvan/Node/Koa/adminForApi/server/app.js:3:191)
    at /Users/jvan/Documents/Jvan/Node/Koa/adminForApi/server/app.js:3:437
    at new Promise (<anonymous>)
    at /Users/jvan/Documents/Jvan/Node/Koa/adminForApi/server/app.js:3:99
    at app.use (/Users/jvan/Documents/Jvan/Node/Koa/adminForApi/server/app.js:46:1)
    at dispatch (/Users/jvan/Documents/Jvan/Node/Koa/adminForApi/server/node_modules/koa/node_modules/koa-compose/index.js:42:32)
    at views (/Users/jvan/Documents/Jvan/Node/Koa/adminForApi/server/node_modules/koa-views/src/index.js:60:12)
    at dispatch (/Users/jvan/Documents/Jvan/Node/Koa/adminForApi/server/node_modules/koa/node_modules/koa-compose/index.js:42:32)
    at serve (/Users/jvan/Documents/Jvan/Node/Koa/adminForApi/server/node_modules/koa-static/index.js:53:15)
*************** error log end ***************

[2020-02-28T20:24:05.530] [ERROR] error - 
*************** error log start ***************
request method: GET
request originalUrl:  /users/getUser
request client ip:  ::ffff:127.0.0.1
request query:  {}
response time: 39
err name: UnauthorizedError
err message: Authentication Error
err stack: UnauthorizedError: Authentication Error
    at Object.throw (/Users/jvan/Documents/Jvan/Node/Koa/adminForApi/server/node_modules/koa/lib/context.js:97:11)
    at jwt (/Users/jvan/Documents/Jvan/Node/Koa/adminForApi/server/node_modules/koa-jwt/lib/index.js:23:22)
    at /Users/jvan/Documents/Jvan/Node/Koa/adminForApi/server/node_modules/koa-unless/index.js:29:12
    at dispatch (/Users/jvan/Documents/Jvan/Node/Koa/adminForApi/server/node_modules/koa/node_modules/koa-compose/index.js:42:32)
    at /Users/jvan/Documents/Jvan/Node/Koa/adminForApi/server/app.js:48:9
    at Generator.next (<anonymous>)
    at step (/Users/jvan/Documents/Jvan/Node/Koa/adminForApi/server/app.js:3:191)
    at /Users/jvan/Documents/Jvan/Node/Koa/adminForApi/server/app.js:3:437
    at new Promise (<anonymous>)
    at /Users/jvan/Documents/Jvan/Node/Koa/adminForApi/server/app.js:3:99
    at app.use (/Users/jvan/Documents/Jvan/Node/Koa/adminForApi/server/app.js:46:1)
    at dispatch (/Users/jvan/Documents/Jvan/Node/Koa/adminForApi/server/node_modules/koa/node_modules/koa-compose/index.js:42:32)
    at views (/Users/jvan/Documents/Jvan/Node/Koa/adminForApi/server/node_modules/koa-views/src/index.js:60:12)
    at dispatch (/Users/jvan/Documents/Jvan/Node/Koa/adminForApi/server/node_modules/koa/node_modules/koa-compose/index.js:42:32)
    at serve (/Users/jvan/Documents/Jvan/Node/Koa/adminForApi/server/node_modules/koa-static/index.js:53:15)
*************** error log end ***************

