[2020-02-27T13:38:55.609] [ERROR] error - 
*************** error log start ***************
request method: GET
request originalUrl:  /users/getUser
request client ip:  ::ffff:127.0.0.1
request query:  {}
response time: 7
err name: ReferenceError
err message: getUserList is not defined
err stack: ReferenceError: getUserList is not defined
    at router.get (/Users/jvan/Documents/Jvan/Node/Koa/adminForApi/server/routes/users.js:13:14)
    at dispatch (/Users/jvan/Documents/Jvan/Node/Koa/adminForApi/server/node_modules/koa-compose/index.js:44:32)
    at next (/Users/jvan/Documents/Jvan/Node/Koa/adminForApi/server/node_modules/koa-compose/index.js:45:18)
    at /Users/jvan/Documents/Jvan/Node/Koa/adminForApi/server/node_modules/koa-router/lib/router.js:346:16
    at dispatch (/Users/jvan/Documents/Jvan/Node/Koa/adminForApi/server/node_modules/koa-compose/index.js:44:32)
    at /Users/jvan/Documents/Jvan/Node/Koa/adminForApi/server/node_modules/koa-compose/index.js:36:12
    at dispatch (/Users/jvan/Documents/Jvan/Node/Koa/adminForApi/server/node_modules/koa-router/lib/router.js:351:31)
    at dispatch (/Users/jvan/Documents/Jvan/Node/Koa/adminForApi/server/node_modules/koa/node_modules/koa-compose/index.js:42:32)
    at app.use (/Users/jvan/Documents/Jvan/Node/Koa/adminForApi/server/app.js:38:9)
    at dispatch (/Users/jvan/Documents/Jvan/Node/Koa/adminForApi/server/node_modules/koa/node_modules/koa-compose/index.js:42:32)
    at views (/Users/jvan/Documents/Jvan/Node/Koa/adminForApi/server/node_modules/koa-views/src/index.js:60:12)
    at dispatch (/Users/jvan/Documents/Jvan/Node/Koa/adminForApi/server/node_modules/koa/node_modules/koa-compose/index.js:42:32)
    at /Users/jvan/Documents/Jvan/Node/Koa/adminForApi/server/middleware/loggers.js:12:19
    at dispatch (/Users/jvan/Documents/Jvan/Node/Koa/adminForApi/server/node_modules/koa/node_modules/koa-compose/index.js:42:32)
    at serve (/Users/jvan/Documents/Jvan/Node/Koa/adminForApi/server/node_modules/koa-static/index.js:53:15)
*************** error log end ***************

[2020-02-27T13:38:55.929] [ERROR] error - 
*************** error log start ***************
request method: GET
request originalUrl:  /users/getUser
request client ip:  ::ffff:127.0.0.1
request query:  {}
response time: 170
err name: ReferenceError
err message: getUserList is not defined
err stack: ReferenceError: getUserList is not defined
    at router.get (/Users/jvan/Documents/Jvan/Node/Koa/adminForApi/server/routes/users.js:13:14)
    at dispatch (/Users/jvan/Documents/Jvan/Node/Koa/adminForApi/server/node_modules/koa-compose/index.js:44:32)
    at next (/Users/jvan/Documents/Jvan/Node/Koa/adminForApi/server/node_modules/koa-compose/index.js:45:18)
    at /Users/jvan/Documents/Jvan/Node/Koa/adminForApi/server/node_modules/koa-router/lib/router.js:346:16
    at dispatch (/Users/jvan/Documents/Jvan/Node/Koa/adminForApi/server/node_modules/koa-compose/index.js:44:32)
    at /Users/jvan/Documents/Jvan/Node/Koa/adminForApi/server/node_modules/koa-compose/index.js:36:12
    at dispatch (/Users/jvan/Documents/Jvan/Node/Koa/adminForApi/server/node_modules/koa-router/lib/router.js:351:31)
    at dispatch (/Users/jvan/Documents/Jvan/Node/Koa/adminForApi/server/node_modules/koa/node_modules/koa-compose/index.js:42:32)
    at app.use (/Users/jvan/Documents/Jvan/Node/Koa/adminForApi/server/app.js:38:9)
    at dispatch (/Users/jvan/Documents/Jvan/Node/Koa/adminForApi/server/node_modules/koa/node_modules/koa-compose/index.js:42:32)
    at views (/Users/jvan/Documents/Jvan/Node/Koa/adminForApi/server/node_modules/koa-views/src/index.js:60:12)
    at dispatch (/Users/jvan/Documents/Jvan/Node/Koa/adminForApi/server/node_modules/koa/node_modules/koa-compose/index.js:42:32)
    at /Users/jvan/Documents/Jvan/Node/Koa/adminForApi/server/middleware/loggers.js:12:19
    at dispatch (/Users/jvan/Documents/Jvan/Node/Koa/adminForApi/server/node_modules/koa/node_modules/koa-compose/index.js:42:32)
    at serve (/Users/jvan/Documents/Jvan/Node/Koa/adminForApi/server/node_modules/koa-static/index.js:53:15)
*************** error log end ***************

