[2020-02-27T14:05:13.762] [ERROR] error - 
*************** error log start ***************
request method: GET
request originalUrl:  /users/getUser
request client ip:  ::ffff:127.0.0.1
request query:  {}
response time: 39
err name: ReferenceError
err message: errdata is not defined
err stack: ReferenceError: errdata is not defined
    at exports.getUserList (/Users/jvan/Documents/Jvan/Node/Koa/adminForApi/server/app/controller/user.js:10:9)
    at /Users/jvan/Documents/Jvan/Node/Koa/adminForApi/server/routes/users.js:13:20
    at Generator.next (<anonymous>)
    at step (/Users/jvan/Documents/Jvan/Node/Koa/adminForApi/server/routes/users.js:5:191)
    at /Users/jvan/Documents/Jvan/Node/Koa/adminForApi/server/routes/users.js:5:437
    at new Promise (<anonymous>)
    at /Users/jvan/Documents/Jvan/Node/Koa/adminForApi/server/routes/users.js:5:99
    at router.get (/Users/jvan/Documents/Jvan/Node/Koa/adminForApi/server/routes/users.js:12:1)
    at dispatch (/Users/jvan/Documents/Jvan/Node/Koa/adminForApi/server/node_modules/koa-compose/index.js:44:32)
    at next (/Users/jvan/Documents/Jvan/Node/Koa/adminForApi/server/node_modules/koa-compose/index.js:45:18)
    at /Users/jvan/Documents/Jvan/Node/Koa/adminForApi/server/node_modules/koa-router/lib/router.js:346:16
    at dispatch (/Users/jvan/Documents/Jvan/Node/Koa/adminForApi/server/node_modules/koa-compose/index.js:44:32)
    at /Users/jvan/Documents/Jvan/Node/Koa/adminForApi/server/node_modules/koa-compose/index.js:36:12
    at dispatch (/Users/jvan/Documents/Jvan/Node/Koa/adminForApi/server/node_modules/koa-router/lib/router.js:351:31)
    at dispatch (/Users/jvan/Documents/Jvan/Node/Koa/adminForApi/server/node_modules/koa/node_modules/koa-compose/index.js:42:32)
    at /Users/jvan/Documents/Jvan/Node/Koa/adminForApi/server/app.js:39:9
*************** error log end ***************

[2020-02-27T14:05:13.980] [ERROR] error - 
*************** error log start ***************
request method: GET
request originalUrl:  /users/getUser
request client ip:  ::ffff:127.0.0.1
request query:  {}
response time: 55
err name: ReferenceError
err message: errdata is not defined
err stack: ReferenceError: errdata is not defined
    at exports.getUserList (/Users/jvan/Documents/Jvan/Node/Koa/adminForApi/server/app/controller/user.js:10:9)
    at /Users/jvan/Documents/Jvan/Node/Koa/adminForApi/server/routes/users.js:13:20
    at Generator.next (<anonymous>)
    at step (/Users/jvan/Documents/Jvan/Node/Koa/adminForApi/server/routes/users.js:5:191)
    at /Users/jvan/Documents/Jvan/Node/Koa/adminForApi/server/routes/users.js:5:437
    at new Promise (<anonymous>)
    at /Users/jvan/Documents/Jvan/Node/Koa/adminForApi/server/routes/users.js:5:99
    at router.get (/Users/jvan/Documents/Jvan/Node/Koa/adminForApi/server/routes/users.js:12:1)
    at dispatch (/Users/jvan/Documents/Jvan/Node/Koa/adminForApi/server/node_modules/koa-compose/index.js:44:32)
    at next (/Users/jvan/Documents/Jvan/Node/Koa/adminForApi/server/node_modules/koa-compose/index.js:45:18)
    at /Users/jvan/Documents/Jvan/Node/Koa/adminForApi/server/node_modules/koa-router/lib/router.js:346:16
    at dispatch (/Users/jvan/Documents/Jvan/Node/Koa/adminForApi/server/node_modules/koa-compose/index.js:44:32)
    at /Users/jvan/Documents/Jvan/Node/Koa/adminForApi/server/node_modules/koa-compose/index.js:36:12
    at dispatch (/Users/jvan/Documents/Jvan/Node/Koa/adminForApi/server/node_modules/koa-router/lib/router.js:351:31)
    at dispatch (/Users/jvan/Documents/Jvan/Node/Koa/adminForApi/server/node_modules/koa/node_modules/koa-compose/index.js:42:32)
    at /Users/jvan/Documents/Jvan/Node/Koa/adminForApi/server/app.js:39:9
*************** error log end ***************

