[2020-02-28T11:24:33.496] [ERROR] error - 
*************** error log start ***************
request method: POST
request originalUrl:  /login/register
request client ip:  ::ffff:127.0.0.1
request body: 
{"userid":"1212121211","username":"1212121211","password":"1212121211","phone":"1212121112","emial":"1212121112","remark":"1212121112","imgUrl":"1212121112","sex":"12121111212","height":"11","weight":"11","birthday":"111"}
response time: 49
err name: Error
err message: TypeError: Cannot read property 'find' of undefined
err stack: Error: TypeError: Cannot read property 'find' of undefined
    at /Users/jvan/Documents/Jvan/Node/Koa/adminForApi/server/app/controller/userInfo.js:27:15
    at Generator.next (<anonymous>)
    at step (/Users/jvan/Documents/Jvan/Node/Koa/adminForApi/server/app/controller/userInfo.js:7:191)
    at /Users/jvan/Documents/Jvan/Node/Koa/adminForApi/server/app/controller/userInfo.js:7:437
    at new Promise (<anonymous>)
    at /Users/jvan/Documents/Jvan/Node/Koa/adminForApi/server/app/controller/userInfo.js:7:99
    at exports.creatUser (/Users/jvan/Documents/Jvan/Node/Koa/adminForApi/server/app/controller/userInfo.js:4:1)
    at /Users/jvan/Documents/Jvan/Node/Koa/adminForApi/server/routes/login.js:17:20
    at Generator.next (<anonymous>)
    at step (/Users/jvan/Documents/Jvan/Node/Koa/adminForApi/server/routes/login.js:5:191)
    at /Users/jvan/Documents/Jvan/Node/Koa/adminForApi/server/routes/login.js:5:437
    at new Promise (<anonymous>)
    at /Users/jvan/Documents/Jvan/Node/Koa/adminForApi/server/routes/login.js:5:99
    at router.post (/Users/jvan/Documents/Jvan/Node/Koa/adminForApi/server/routes/login.js:14:1)
    at dispatch (/Users/jvan/Documents/Jvan/Node/Koa/adminForApi/server/node_modules/koa-compose/index.js:44:32)
    at next (/Users/jvan/Documents/Jvan/Node/Koa/adminForApi/server/node_modules/koa-compose/index.js:45:18)
    at /Users/jvan/Documents/Jvan/Node/Koa/adminForApi/server/node_modules/koa-router/lib/router.js:346:16
    at dispatch (/Users/jvan/Documents/Jvan/Node/Koa/adminForApi/server/node_modules/koa-compose/index.js:44:32)
    at /Users/jvan/Documents/Jvan/Node/Koa/adminForApi/server/node_modules/koa-compose/index.js:36:12
    at dispatch (/Users/jvan/Documents/Jvan/Node/Koa/adminForApi/server/node_modules/koa-router/lib/router.js:351:31)
    at dispatch (/Users/jvan/Documents/Jvan/Node/Koa/adminForApi/server/node_modules/koa/node_modules/koa-compose/index.js:42:32)
    at /Users/jvan/Documents/Jvan/Node/Koa/adminForApi/server/app.js:41:9
*************** error log end ***************

[2020-02-28T11:25:20.963] [ERROR] error - 
*************** error log start ***************
request method: POST
request originalUrl:  /login/register
request client ip:  ::ffff:127.0.0.1
request body: 
{"userid":"1212121211","username":"1212121211","password":"1212121211","phone":"1212121112","emial":"1212121112","remark":"1212121112","imgUrl":"1212121112","sex":"12121111212","height":"11","weight":"11","birthday":"111"}
response time: 38
err name: Error
err message: TypeError: Cannot read property 'find' of undefined
err stack: Error: TypeError: Cannot read property 'find' of undefined
    at /Users/jvan/Documents/Jvan/Node/Koa/adminForApi/server/app/controller/userInfo.js:27:15
    at Generator.next (<anonymous>)
    at step (/Users/jvan/Documents/Jvan/Node/Koa/adminForApi/server/app/controller/userInfo.js:7:191)
    at /Users/jvan/Documents/Jvan/Node/Koa/adminForApi/server/app/controller/userInfo.js:7:437
    at new Promise (<anonymous>)
    at /Users/jvan/Documents/Jvan/Node/Koa/adminForApi/server/app/controller/userInfo.js:7:99
    at exports.creatUser (/Users/jvan/Documents/Jvan/Node/Koa/adminForApi/server/app/controller/userInfo.js:4:1)
    at /Users/jvan/Documents/Jvan/Node/Koa/adminForApi/server/routes/login.js:17:20
    at Generator.next (<anonymous>)
    at step (/Users/jvan/Documents/Jvan/Node/Koa/adminForApi/server/routes/login.js:5:191)
    at /Users/jvan/Documents/Jvan/Node/Koa/adminForApi/server/routes/login.js:5:437
    at new Promise (<anonymous>)
    at /Users/jvan/Documents/Jvan/Node/Koa/adminForApi/server/routes/login.js:5:99
    at router.post (/Users/jvan/Documents/Jvan/Node/Koa/adminForApi/server/routes/login.js:14:1)
    at dispatch (/Users/jvan/Documents/Jvan/Node/Koa/adminForApi/server/node_modules/koa-compose/index.js:44:32)
    at next (/Users/jvan/Documents/Jvan/Node/Koa/adminForApi/server/node_modules/koa-compose/index.js:45:18)
    at /Users/jvan/Documents/Jvan/Node/Koa/adminForApi/server/node_modules/koa-router/lib/router.js:346:16
    at dispatch (/Users/jvan/Documents/Jvan/Node/Koa/adminForApi/server/node_modules/koa-compose/index.js:44:32)
    at /Users/jvan/Documents/Jvan/Node/Koa/adminForApi/server/node_modules/koa-compose/index.js:36:12
    at dispatch (/Users/jvan/Documents/Jvan/Node/Koa/adminForApi/server/node_modules/koa-router/lib/router.js:351:31)
    at dispatch (/Users/jvan/Documents/Jvan/Node/Koa/adminForApi/server/node_modules/koa/node_modules/koa-compose/index.js:42:32)
    at /Users/jvan/Documents/Jvan/Node/Koa/adminForApi/server/app.js:41:9
*************** error log end ***************

[2020-02-28T11:26:29.716] [ERROR] error - 
*************** error log start ***************
request method: POST
request originalUrl:  /login/register
request client ip:  ::ffff:127.0.0.1
request body: 
{"userid":"1212121211","username":"1212121211","password":"1212121211","phone":"1212121112","emial":"1212121112","remark":"1212121112","imgUrl":"1212121112","sex":"12121111212","height":"11","weight":"11","birthday":"111"}
response time: 74
err name: Error
err message: TypeError: Cannot read property 'find' of undefined
err stack: Error: TypeError: Cannot read property 'find' of undefined
    at /Users/jvan/Documents/Jvan/Node/Koa/adminForApi/server/app/controller/userInfo.js:27:15
    at Generator.next (<anonymous>)
    at step (/Users/jvan/Documents/Jvan/Node/Koa/adminForApi/server/app/controller/userInfo.js:7:191)
    at /Users/jvan/Documents/Jvan/Node/Koa/adminForApi/server/app/controller/userInfo.js:7:437
    at new Promise (<anonymous>)
    at /Users/jvan/Documents/Jvan/Node/Koa/adminForApi/server/app/controller/userInfo.js:7:99
    at exports.creatUser (/Users/jvan/Documents/Jvan/Node/Koa/adminForApi/server/app/controller/userInfo.js:4:1)
    at /Users/jvan/Documents/Jvan/Node/Koa/adminForApi/server/routes/login.js:17:20
    at Generator.next (<anonymous>)
    at step (/Users/jvan/Documents/Jvan/Node/Koa/adminForApi/server/routes/login.js:5:191)
    at /Users/jvan/Documents/Jvan/Node/Koa/adminForApi/server/routes/login.js:5:437
    at new Promise (<anonymous>)
    at /Users/jvan/Documents/Jvan/Node/Koa/adminForApi/server/routes/login.js:5:99
    at router.post (/Users/jvan/Documents/Jvan/Node/Koa/adminForApi/server/routes/login.js:14:1)
    at dispatch (/Users/jvan/Documents/Jvan/Node/Koa/adminForApi/server/node_modules/koa-compose/index.js:44:32)
    at next (/Users/jvan/Documents/Jvan/Node/Koa/adminForApi/server/node_modules/koa-compose/index.js:45:18)
    at /Users/jvan/Documents/Jvan/Node/Koa/adminForApi/server/node_modules/koa-router/lib/router.js:346:16
    at dispatch (/Users/jvan/Documents/Jvan/Node/Koa/adminForApi/server/node_modules/koa-compose/index.js:44:32)
    at /Users/jvan/Documents/Jvan/Node/Koa/adminForApi/server/node_modules/koa-compose/index.js:36:12
    at dispatch (/Users/jvan/Documents/Jvan/Node/Koa/adminForApi/server/node_modules/koa-router/lib/router.js:351:31)
    at dispatch (/Users/jvan/Documents/Jvan/Node/Koa/adminForApi/server/node_modules/koa/node_modules/koa-compose/index.js:42:32)
    at /Users/jvan/Documents/Jvan/Node/Koa/adminForApi/server/app.js:41:9
*************** error log end ***************

