[2020-02-28T15:18:54.942] [ERROR] error - 
*************** error log start ***************
request method: GET
request originalUrl:  /users/getUser
request client ip:  ::ffff:127.0.0.1
request query:  {}
response time: 28
err name: UnauthorizedError
err message: Authentication Error
err stack: UnauthorizedError: Authentication Error
    at Object.throw (/Users/jvan/Documents/Jvan/Node/Koa/adminForApi/server/node_modules/koa/lib/context.js:97:11)
    at jwt (/Users/jvan/Documents/Jvan/Node/Koa/adminForApi/server/node_modules/koa-jwt/lib/index.js:23:22)
    at /Users/jvan/Documents/Jvan/Node/Koa/adminForApi/server/node_modules/koa-unless/index.js:29:12
    at dispatch (/Users/jvan/Documents/Jvan/Node/Koa/adminForApi/server/node_modules/koa/node_modules/koa-compose/index.js:42:32)
    at /Users/jvan/Documents/Jvan/Node/Koa/adminForApi/server/app.js:42:9
    at Generator.next (<anonymous>)
    at step (/Users/jvan/Documents/Jvan/Node/Koa/adminForApi/server/app.js:3:191)
    at /Users/jvan/Documents/Jvan/Node/Koa/adminForApi/server/app.js:3:437
    at new Promise (<anonymous>)
    at /Users/jvan/Documents/Jvan/Node/Koa/adminForApi/server/app.js:3:99
    at app.use (/Users/jvan/Documents/Jvan/Node/Koa/adminForApi/server/app.js:40:1)
    at dispatch (/Users/jvan/Documents/Jvan/Node/Koa/adminForApi/server/node_modules/koa/node_modules/koa-compose/index.js:42:32)
    at views (/Users/jvan/Documents/Jvan/Node/Koa/adminForApi/server/node_modules/koa-views/src/index.js:60:12)
    at dispatch (/Users/jvan/Documents/Jvan/Node/Koa/adminForApi/server/node_modules/koa/node_modules/koa-compose/index.js:42:32)
    at /Users/jvan/Documents/Jvan/Node/Koa/adminForApi/server/middleware/loggers.js:12:19
    at Generator.next (<anonymous>)
    at step (/Users/jvan/Documents/Jvan/Node/Koa/adminForApi/server/middleware/loggers.js:3:191)
    at /Users/jvan/Documents/Jvan/Node/Koa/adminForApi/server/middleware/loggers.js:3:437
    at new Promise (<anonymous>)
    at /Users/jvan/Documents/Jvan/Node/Koa/adminForApi/server/middleware/loggers.js:3:99
    at /Users/jvan/Documents/Jvan/Node/Koa/adminForApi/server/middleware/loggers.js:5:5
    at dispatch (/Users/jvan/Documents/Jvan/Node/Koa/adminForApi/server/node_modules/koa/node_modules/koa-compose/index.js:42:32)
*************** error log end ***************

[2020-02-28T15:19:16.227] [ERROR] error - 
*************** error log start ***************
request method: GET
request originalUrl:  /users/getUser
request client ip:  ::ffff:127.0.0.1
request query:  {}
response time: 21
err name: UnauthorizedError
err message: Authentication Error
err stack: UnauthorizedError: Authentication Error
    at Object.throw (/Users/jvan/Documents/Jvan/Node/Koa/adminForApi/server/node_modules/koa/lib/context.js:97:11)
    at jwt (/Users/jvan/Documents/Jvan/Node/Koa/adminForApi/server/node_modules/koa-jwt/lib/index.js:23:22)
    at /Users/jvan/Documents/Jvan/Node/Koa/adminForApi/server/node_modules/koa-unless/index.js:29:12
    at dispatch (/Users/jvan/Documents/Jvan/Node/Koa/adminForApi/server/node_modules/koa/node_modules/koa-compose/index.js:42:32)
    at /Users/jvan/Documents/Jvan/Node/Koa/adminForApi/server/app.js:42:9
    at Generator.next (<anonymous>)
    at step (/Users/jvan/Documents/Jvan/Node/Koa/adminForApi/server/app.js:3:191)
    at /Users/jvan/Documents/Jvan/Node/Koa/adminForApi/server/app.js:3:437
    at new Promise (<anonymous>)
    at /Users/jvan/Documents/Jvan/Node/Koa/adminForApi/server/app.js:3:99
    at app.use (/Users/jvan/Documents/Jvan/Node/Koa/adminForApi/server/app.js:40:1)
    at dispatch (/Users/jvan/Documents/Jvan/Node/Koa/adminForApi/server/node_modules/koa/node_modules/koa-compose/index.js:42:32)
    at views (/Users/jvan/Documents/Jvan/Node/Koa/adminForApi/server/node_modules/koa-views/src/index.js:60:12)
    at dispatch (/Users/jvan/Documents/Jvan/Node/Koa/adminForApi/server/node_modules/koa/node_modules/koa-compose/index.js:42:32)
    at /Users/jvan/Documents/Jvan/Node/Koa/adminForApi/server/middleware/loggers.js:12:19
    at Generator.next (<anonymous>)
    at step (/Users/jvan/Documents/Jvan/Node/Koa/adminForApi/server/middleware/loggers.js:3:191)
    at /Users/jvan/Documents/Jvan/Node/Koa/adminForApi/server/middleware/loggers.js:3:437
    at new Promise (<anonymous>)
    at /Users/jvan/Documents/Jvan/Node/Koa/adminForApi/server/middleware/loggers.js:3:99
    at /Users/jvan/Documents/Jvan/Node/Koa/adminForApi/server/middleware/loggers.js:5:5
    at dispatch (/Users/jvan/Documents/Jvan/Node/Koa/adminForApi/server/node_modules/koa/node_modules/koa-compose/index.js:42:32)
*************** error log end ***************

[2020-02-28T15:19:25.011] [ERROR] error - 
*************** error log start ***************
request method: GET
request originalUrl:  /users/getUser
request client ip:  ::ffff:127.0.0.1
request query:  {}
response time: 3
err name: UnauthorizedError
err message: Authentication Error
err stack: UnauthorizedError: Authentication Error
    at Object.throw (/Users/jvan/Documents/Jvan/Node/Koa/adminForApi/server/node_modules/koa/lib/context.js:97:11)
    at jwt (/Users/jvan/Documents/Jvan/Node/Koa/adminForApi/server/node_modules/koa-jwt/lib/index.js:23:22)
    at /Users/jvan/Documents/Jvan/Node/Koa/adminForApi/server/node_modules/koa-unless/index.js:29:12
    at dispatch (/Users/jvan/Documents/Jvan/Node/Koa/adminForApi/server/node_modules/koa/node_modules/koa-compose/index.js:42:32)
    at /Users/jvan/Documents/Jvan/Node/Koa/adminForApi/server/app.js:42:9
    at Generator.next (<anonymous>)
    at step (/Users/jvan/Documents/Jvan/Node/Koa/adminForApi/server/app.js:3:191)
    at /Users/jvan/Documents/Jvan/Node/Koa/adminForApi/server/app.js:3:437
    at new Promise (<anonymous>)
    at /Users/jvan/Documents/Jvan/Node/Koa/adminForApi/server/app.js:3:99
    at app.use (/Users/jvan/Documents/Jvan/Node/Koa/adminForApi/server/app.js:40:1)
    at dispatch (/Users/jvan/Documents/Jvan/Node/Koa/adminForApi/server/node_modules/koa/node_modules/koa-compose/index.js:42:32)
    at views (/Users/jvan/Documents/Jvan/Node/Koa/adminForApi/server/node_modules/koa-views/src/index.js:60:12)
    at dispatch (/Users/jvan/Documents/Jvan/Node/Koa/adminForApi/server/node_modules/koa/node_modules/koa-compose/index.js:42:32)
    at /Users/jvan/Documents/Jvan/Node/Koa/adminForApi/server/middleware/loggers.js:12:19
    at Generator.next (<anonymous>)
    at step (/Users/jvan/Documents/Jvan/Node/Koa/adminForApi/server/middleware/loggers.js:3:191)
    at /Users/jvan/Documents/Jvan/Node/Koa/adminForApi/server/middleware/loggers.js:3:437
    at new Promise (<anonymous>)
    at /Users/jvan/Documents/Jvan/Node/Koa/adminForApi/server/middleware/loggers.js:3:99
    at /Users/jvan/Documents/Jvan/Node/Koa/adminForApi/server/middleware/loggers.js:5:5
    at dispatch (/Users/jvan/Documents/Jvan/Node/Koa/adminForApi/server/node_modules/koa/node_modules/koa-compose/index.js:42:32)
*************** error log end ***************

